---------------------------------------------------------------
[ 2020-09-09T10:48:57+08:00 ] 127.0.0.1 GET www.xiaomi.com/admin/index/index.html
[运行时间：0.031510s] [吞吐率：31.74req/s] [内存消耗：254.64kb] [文件加载：46]
[ info ] [ LANG ] D:\wamp64\www\xiaomi\git\state\thinkphp\lang\zh-cn.php
[ info ] [ ROUTE ] array (
  'type' => 'module',
  'module' => 
  array (
    0 => 'admin',
    1 => 'index',
    2 => 'index',
  ),
)
[ info ] [ HEADER ] array (
  'host' => 'www.xiaomi.com',
  'connection' => 'keep-alive',
  'upgrade-insecure-requests' => '1',
  'user-agent' => 'Mozilla/5.0 (Windows NT 10.0; WOW64) AppleWebKit/537.36 (KHTML, like Gecko) Chrome/84.0.4147.89 Safari/537.36',
  'accept' => 'text/html,application/xhtml+xml,application/xml;q=0.9,image/webp,image/apng,*/*;q=0.8,application/signed-exchange;v=b3;q=0.9',
  'accept-encoding' => 'gzip, deflate',
  'accept-language' => 'zh-CN,zh;q=0.9',
  'cookie' => 'PHPSESSID=oki703qji11mkbppomeueotf74; uLocale=zh_CN; cUserId=LqNN9yWgb9JFrZ5WQMZFYMTpZxI',
)
[ info ] [ PARAM ] array (
  '/admin/index/index_html' => '',
)
[ info ] [ SESSION ] INIT array (
  'id' => '',
  'var_session_id' => '',
  'prefix' => 'think',
  'type' => '',
  'auto_start' => true,
)
[ info ] [ LOG ] INIT File
---------------------------------------------------------------
[ 2020-09-09T10:48:57+08:00 ] 127.0.0.1 GET www.xiaomi.com/admin/login/index.html
[运行时间：0.007775s] [吞吐率：128.62req/s] [内存消耗：248.57kb] [文件加载：44]
[ info ] [ LANG ] D:\wamp64\www\xiaomi\git\state\thinkphp\lang\zh-cn.php
[ info ] [ ROUTE ] array (
  'type' => 'module',
  'module' => 
  array (
    0 => 'admin',
    1 => 'login',
    2 => 'index',
  ),
)
[ info ] [ HEADER ] array (
  'host' => 'www.xiaomi.com',
  'connection' => 'keep-alive',
  'upgrade-insecure-requests' => '1',
  'user-agent' => 'Mozilla/5.0 (Windows NT 10.0; WOW64) AppleWebKit/537.36 (KHTML, like Gecko) Chrome/84.0.4147.89 Safari/537.36',
  'accept' => 'text/html,application/xhtml+xml,application/xml;q=0.9,image/webp,image/apng,*/*;q=0.8,application/signed-exchange;v=b3;q=0.9',
  'accept-encoding' => 'gzip, deflate',
  'accept-language' => 'zh-CN,zh;q=0.9',
  'cookie' => 'PHPSESSID=oki703qji11mkbppomeueotf74; uLocale=zh_CN; cUserId=LqNN9yWgb9JFrZ5WQMZFYMTpZxI',
)
[ info ] [ PARAM ] array (
  '/admin/login/index_html' => '',
)
[ info ] [ RUN ] app\admin\controller\Login->index[ D:\wamp64\www\xiaomi\git\state\application\admin\controller\Login.php ]
[ info ] [ VIEW ] D:\wamp64\www\xiaomi\git\state\public/../application/admin\view\login.html [ array (
) ]
[ info ] [ LOG ] INIT File
---------------------------------------------------------------
[ 2020-09-09T10:49:05+08:00 ] 127.0.0.1 POST www.xiaomi.com/admin/login/dologin.html
[运行时间：0.059944s] [吞吐率：16.68req/s] [内存消耗：523.78kb] [文件加载：59]
[ info ] [ LANG ] D:\wamp64\www\xiaomi\git\state\thinkphp\lang\zh-cn.php
[ info ] [ ROUTE ] array (
  'type' => 'module',
  'module' => 
  array (
    0 => 'admin',
    1 => 'login',
    2 => 'dologin',
  ),
)
[ info ] [ HEADER ] array (
  'host' => 'www.xiaomi.com',
  'connection' => 'keep-alive',
  'content-length' => '27',
  'accept' => '*/*',
  'x-requested-with' => 'XMLHttpRequest',
  'user-agent' => 'Mozilla/5.0 (Windows NT 10.0; WOW64) AppleWebKit/537.36 (KHTML, like Gecko) Chrome/84.0.4147.89 Safari/537.36',
  'content-type' => 'application/x-www-form-urlencoded; charset=UTF-8',
  'origin' => 'http://www.xiaomi.com',
  'referer' => 'http://www.xiaomi.com/admin/login/index.html',
  'accept-encoding' => 'gzip, deflate',
  'accept-language' => 'zh-CN,zh;q=0.9',
  'cookie' => 'PHPSESSID=oki703qji11mkbppomeueotf74; uLocale=zh_CN; cUserId=LqNN9yWgb9JFrZ5WQMZFYMTpZxI',
)
[ info ] [ PARAM ] array (
  '/admin/login/dologin_html' => '',
  'username' => 'admin',
  'password' => '123',
)
[ info ] [ RUN ] app\admin\controller\Login->doLogin[ D:\wamp64\www\xiaomi\git\state\application\admin\controller\Login.php ]
[ info ] [ DB ] INIT mysql
[ info ] [ SESSION ] INIT array (
  'id' => '',
  'var_session_id' => '',
  'prefix' => 'think',
  'type' => '',
  'auto_start' => true,
)
[ info ] [ CACHE ] INIT File
[ info ] [ LOG ] INIT File
[ sql ] [ DB ] CONNECT:[ UseTime:0.001148s ] mysql:host=127.0.0.1;dbname=backstagelibrary;charset=utf8
[ sql ] [ SQL ] SHOW COLUMNS FROM `brary_user` [ RunTime:0.007527s ]
[ sql ] [ SQL ] SELECT * FROM `brary_user` WHERE  `username` = 'admin' LIMIT 1 [ RunTime:0.000757s ]
[ sql ] [ SQL ] SHOW COLUMNS FROM `brary_role` [ RunTime:0.007090s ]
[ sql ] [ SQL ] SELECT * FROM `brary_role` WHERE  `id` = 1 LIMIT 1 [ RunTime:0.000719s ]
[ sql ] [ SQL ] SHOW COLUMNS FROM `brary_node` [ RunTime:0.007316s ]
[ sql ] [ SQL ] SELECT `control_name`,`action_name` FROM `brary_node` WHERE  (  1=1 ) [ RunTime:0.000565s ]
[ sql ] [ SQL ] UPDATE `brary_user`  SET `loginnum`=8,`last_login_ip`='127.0.0.1',`last_login_time`=1599619745  WHERE  `id` = 1 [ RunTime:0.003521s ]
---------------------------------------------------------------
[ 2020-09-09T10:49:05+08:00 ] 127.0.0.1 GET www.xiaomi.com/admin/index/index.html
[运行时间：0.020119s] [吞吐率：49.70req/s] [内存消耗：537.34kb] [文件加载：56]
[ info ] [ LANG ] D:\wamp64\www\xiaomi\git\state\thinkphp\lang\zh-cn.php
[ info ] [ ROUTE ] array (
  'type' => 'module',
  'module' => 
  array (
    0 => 'admin',
    1 => 'index',
    2 => 'index',
  ),
)
[ info ] [ HEADER ] array (
  'host' => 'www.xiaomi.com',
  'connection' => 'keep-alive',
  'upgrade-insecure-requests' => '1',
  'user-agent' => 'Mozilla/5.0 (Windows NT 10.0; WOW64) AppleWebKit/537.36 (KHTML, like Gecko) Chrome/84.0.4147.89 Safari/537.36',
  'accept' => 'text/html,application/xhtml+xml,application/xml;q=0.9,image/webp,image/apng,*/*;q=0.8,application/signed-exchange;v=b3;q=0.9',
  'referer' => 'http://www.xiaomi.com/admin/login/index.html',
  'accept-encoding' => 'gzip, deflate',
  'accept-language' => 'zh-CN,zh;q=0.9',
  'cookie' => 'PHPSESSID=oki703qji11mkbppomeueotf74; uLocale=zh_CN; cUserId=LqNN9yWgb9JFrZ5WQMZFYMTpZxI',
)
[ info ] [ PARAM ] array (
  '/admin/index/index_html' => '',
)
[ info ] [ SESSION ] INIT array (
  'id' => '',
  'var_session_id' => '',
  'prefix' => 'think',
  'type' => '',
  'auto_start' => true,
)
[ info ] [ DB ] INIT mysql
[ info ] [ RUN ] app\admin\controller\Index->index[ D:\wamp64\www\xiaomi\git\state\application\admin\controller\Index.php ]
[ info ] [ VIEW ] D:\wamp64\www\xiaomi\git\state\public/../application/admin\view\.\index.html [ array (
  0 => 'username',
  1 => 'menu',
  2 => 'rolename',
) ]
[ info ] [ LOG ] INIT File
[ sql ] [ DB ] CONNECT:[ UseTime:0.000796s ] mysql:host=127.0.0.1;dbname=backstagelibrary;charset=utf8
[ sql ] [ SQL ] SHOW COLUMNS FROM `brary_node` [ RunTime:0.010006s ]
[ sql ] [ SQL ] SELECT * FROM `brary_node` WHERE  (  is_menu=2 ) [ RunTime:0.000595s ]
---------------------------------------------------------------
[ 2020-09-09T10:49:06+08:00 ] 127.0.0.1 GET www.xiaomi.com/admin/index/indexpage.html
[运行时间：0.033112s] [吞吐率：30.20req/s] [内存消耗：537.41kb] [文件加载：56]
[ info ] [ LANG ] D:\wamp64\www\xiaomi\git\state\thinkphp\lang\zh-cn.php
[ info ] [ ROUTE ] array (
  'type' => 'module',
  'module' => 
  array (
    0 => 'admin',
    1 => 'index',
    2 => 'indexpage',
  ),
)
[ info ] [ HEADER ] array (
  'host' => 'www.xiaomi.com',
  'connection' => 'keep-alive',
  'upgrade-insecure-requests' => '1',
  'user-agent' => 'Mozilla/5.0 (Windows NT 10.0; WOW64) AppleWebKit/537.36 (KHTML, like Gecko) Chrome/84.0.4147.89 Safari/537.36',
  'accept' => 'text/html,application/xhtml+xml,application/xml;q=0.9,image/webp,image/apng,*/*;q=0.8,application/signed-exchange;v=b3;q=0.9',
  'referer' => 'http://www.xiaomi.com/admin/index/index.html',
  'accept-encoding' => 'gzip, deflate',
  'accept-language' => 'zh-CN,zh;q=0.9',
  'cookie' => 'PHPSESSID=oki703qji11mkbppomeueotf74; uLocale=zh_CN; cUserId=LqNN9yWgb9JFrZ5WQMZFYMTpZxI',
)
[ info ] [ PARAM ] array (
  '/admin/index/indexpage_html' => '',
)
[ info ] [ SESSION ] INIT array (
  'id' => '',
  'var_session_id' => '',
  'prefix' => 'think',
  'type' => '',
  'auto_start' => true,
)
[ info ] [ DB ] INIT mysql
[ info ] [ RUN ] app\admin\controller\Index->indexPage[ D:\wamp64\www\xiaomi\git\state\application\admin\controller\Index.php ]
[ info ] [ VIEW ] D:\wamp64\www\xiaomi\git\state\public/../application/admin\view\.\index\index.html [ array (
  0 => 'username',
  1 => 'menu',
  2 => 'rolename',
) ]
[ info ] [ LOG ] INIT File
[ sql ] [ DB ] CONNECT:[ UseTime:0.001173s ] mysql:host=127.0.0.1;dbname=backstagelibrary;charset=utf8
[ sql ] [ SQL ] SHOW COLUMNS FROM `brary_node` [ RunTime:0.011625s ]
[ sql ] [ SQL ] SELECT * FROM `brary_node` WHERE  (  is_menu=2 ) [ RunTime:0.000575s ]
---------------------------------------------------------------
[ 2020-09-09T10:49:11+08:00 ] 127.0.0.1 GET www.xiaomi.com/index/index/index.html
[运行时间：0.020979s] [吞吐率：47.67req/s] [内存消耗：292.44kb] [文件加载：41]
[ info ] [ LANG ] D:\wamp64\www\xiaomi\git\state\thinkphp\lang\zh-cn.php
[ info ] [ ROUTE ] array (
  'type' => 'module',
  'module' => 
  array (
    0 => 'index',
    1 => 'index',
    2 => 'index',
  ),
)
[ info ] [ HEADER ] array (
  'host' => 'www.xiaomi.com',
  'connection' => 'keep-alive',
  'upgrade-insecure-requests' => '1',
  'user-agent' => 'Mozilla/5.0 (Windows NT 10.0; WOW64) AppleWebKit/537.36 (KHTML, like Gecko) Chrome/84.0.4147.89 Safari/537.36',
  'accept' => 'text/html,application/xhtml+xml,application/xml;q=0.9,image/webp,image/apng,*/*;q=0.8,application/signed-exchange;v=b3;q=0.9',
  'accept-encoding' => 'gzip, deflate',
  'accept-language' => 'zh-CN,zh;q=0.9',
  'cookie' => 'PHPSESSID=oki703qji11mkbppomeueotf74; uLocale=zh_CN; cUserId=LqNN9yWgb9JFrZ5WQMZFYMTpZxI',
)
[ info ] [ PARAM ] array (
  '/index/index/index_html' => '',
)
[ info ] [ RUN ] app\index\controller\Index->index[ D:\wamp64\www\xiaomi\git\state\application\index\controller\Index.php ]
[ info ] [ SESSION ] INIT array (
  'id' => '',
  'var_session_id' => '',
  'prefix' => 'think',
  'type' => '',
  'auto_start' => true,
)
[ info ] [ VIEW ] D:\wamp64\www\xiaomi\git\state\public/../application/index\view\index\index.html [ array (
  0 => 'yilog',
) ]
[ info ] [ LOG ] INIT File
---------------------------------------------------------------
[ 2020-09-09T10:49:16+08:00 ] 127.0.0.1 GET www.xiaomi.com/admin/index/index.html
[运行时间：0.037195s] [吞吐率：26.89req/s] [内存消耗：536.66kb] [文件加载：56]
[ info ] [ LANG ] D:\wamp64\www\xiaomi\git\state\thinkphp\lang\zh-cn.php
[ info ] [ ROUTE ] array (
  'type' => 'module',
  'module' => 
  array (
    0 => 'admin',
    1 => 'index',
    2 => 'index',
  ),
)
[ info ] [ HEADER ] array (
  'host' => 'www.xiaomi.com',
  'connection' => 'keep-alive',
  'upgrade-insecure-requests' => '1',
  'user-agent' => 'Mozilla/5.0 (Windows NT 10.0; WOW64) AppleWebKit/537.36 (KHTML, like Gecko) Chrome/84.0.4147.89 Safari/537.36',
  'accept' => 'text/html,application/xhtml+xml,application/xml;q=0.9,image/webp,image/apng,*/*;q=0.8,application/signed-exchange;v=b3;q=0.9',
  'accept-encoding' => 'gzip, deflate',
  'accept-language' => 'zh-CN,zh;q=0.9',
  'cookie' => 'PHPSESSID=oki703qji11mkbppomeueotf74; uLocale=zh_CN; cUserId=LqNN9yWgb9JFrZ5WQMZFYMTpZxI',
)
[ info ] [ PARAM ] array (
  '/admin/index/index_html' => '',
)
[ info ] [ SESSION ] INIT array (
  'id' => '',
  'var_session_id' => '',
  'prefix' => 'think',
  'type' => '',
  'auto_start' => true,
)
[ info ] [ DB ] INIT mysql
[ info ] [ RUN ] app\admin\controller\Index->index[ D:\wamp64\www\xiaomi\git\state\application\admin\controller\Index.php ]
[ info ] [ VIEW ] D:\wamp64\www\xiaomi\git\state\public/../application/admin\view\.\index.html [ array (
  0 => 'username',
  1 => 'menu',
  2 => 'rolename',
) ]
[ info ] [ LOG ] INIT File
[ sql ] [ DB ] CONNECT:[ UseTime:0.000730s ] mysql:host=127.0.0.1;dbname=backstagelibrary;charset=utf8
[ sql ] [ SQL ] SHOW COLUMNS FROM `brary_node` [ RunTime:0.015610s ]
[ sql ] [ SQL ] SELECT * FROM `brary_node` WHERE  (  is_menu=2 ) [ RunTime:0.001105s ]
---------------------------------------------------------------
[ 2020-09-09T10:49:16+08:00 ] 127.0.0.1 GET www.xiaomi.com/admin/index/indexpage.html
[运行时间：0.040896s] [吞吐率：24.45req/s] [内存消耗：537.41kb] [文件加载：56]
[ info ] [ LANG ] D:\wamp64\www\xiaomi\git\state\thinkphp\lang\zh-cn.php
[ info ] [ ROUTE ] array (
  'type' => 'module',
  'module' => 
  array (
    0 => 'admin',
    1 => 'index',
    2 => 'indexpage',
  ),
)
[ info ] [ HEADER ] array (
  'host' => 'www.xiaomi.com',
  'connection' => 'keep-alive',
  'upgrade-insecure-requests' => '1',
  'user-agent' => 'Mozilla/5.0 (Windows NT 10.0; WOW64) AppleWebKit/537.36 (KHTML, like Gecko) Chrome/84.0.4147.89 Safari/537.36',
  'accept' => 'text/html,application/xhtml+xml,application/xml;q=0.9,image/webp,image/apng,*/*;q=0.8,application/signed-exchange;v=b3;q=0.9',
  'referer' => 'http://www.xiaomi.com/admin/index/index.html',
  'accept-encoding' => 'gzip, deflate',
  'accept-language' => 'zh-CN,zh;q=0.9',
  'cookie' => 'PHPSESSID=oki703qji11mkbppomeueotf74; uLocale=zh_CN; cUserId=LqNN9yWgb9JFrZ5WQMZFYMTpZxI',
)
[ info ] [ PARAM ] array (
  '/admin/index/indexpage_html' => '',
)
[ info ] [ SESSION ] INIT array (
  'id' => '',
  'var_session_id' => '',
  'prefix' => 'think',
  'type' => '',
  'auto_start' => true,
)
[ info ] [ DB ] INIT mysql
[ info ] [ RUN ] app\admin\controller\Index->indexPage[ D:\wamp64\www\xiaomi\git\state\application\admin\controller\Index.php ]
[ info ] [ VIEW ] D:\wamp64\www\xiaomi\git\state\public/../application/admin\view\.\index\index.html [ array (
  0 => 'username',
  1 => 'menu',
  2 => 'rolename',
) ]
[ info ] [ LOG ] INIT File
[ sql ] [ DB ] CONNECT:[ UseTime:0.000963s ] mysql:host=127.0.0.1;dbname=backstagelibrary;charset=utf8
[ sql ] [ SQL ] SHOW COLUMNS FROM `brary_node` [ RunTime:0.018682s ]
[ sql ] [ SQL ] SELECT * FROM `brary_node` WHERE  (  is_menu=2 ) [ RunTime:0.000712s ]
---------------------------------------------------------------
[ 2020-09-09T10:49:19+08:00 ] 127.0.0.1 GET www.xiaomi.com/admin/userle/index.html
[运行时间：0.009749s] [吞吐率：102.57req/s] [内存消耗：247.96kb] [文件加载：43]
[ info ] [ LANG ] D:\wamp64\www\xiaomi\git\state\thinkphp\lang\zh-cn.php
[ info ] [ ROUTE ] array (
  'type' => 'module',
  'module' => 
  array (
    0 => 'admin',
    1 => 'userle',
    2 => 'index',
  ),
)
[ info ] [ HEADER ] array (
  'host' => 'www.xiaomi.com',
  'connection' => 'keep-alive',
  'upgrade-insecure-requests' => '1',
  'user-agent' => 'Mozilla/5.0 (Windows NT 10.0; WOW64) AppleWebKit/537.36 (KHTML, like Gecko) Chrome/84.0.4147.89 Safari/537.36',
  'accept' => 'text/html,application/xhtml+xml,application/xml;q=0.9,image/webp,image/apng,*/*;q=0.8,application/signed-exchange;v=b3;q=0.9',
  'referer' => 'http://www.xiaomi.com/admin/index/index.html',
  'accept-encoding' => 'gzip, deflate',
  'accept-language' => 'zh-CN,zh;q=0.9',
  'cookie' => 'PHPSESSID=oki703qji11mkbppomeueotf74; uLocale=zh_CN; cUserId=LqNN9yWgb9JFrZ5WQMZFYMTpZxI',
)
[ info ] [ PARAM ] array (
  '/admin/userle/index_html' => '',
)
[ info ] [ RUN ] app\admin\controller\Userle->index[ D:\wamp64\www\xiaomi\git\state\application\admin\controller\Userle.php ]
[ info ] [ VIEW ] D:\wamp64\www\xiaomi\git\state\public/../application/admin\view\user\index.html [ array (
) ]
[ info ] [ LOG ] INIT File
---------------------------------------------------------------
[ 2020-09-09T10:49:23+08:00 ] 127.0.0.1 POST www.xiaomi.com/admin/userle/index/userle/index
[运行时间：0.016504s] [吞吐率：60.59req/s] [内存消耗：531.59kb] [文件加载：53]
[ info ] [ LANG ] D:\wamp64\www\xiaomi\git\state\thinkphp\lang\zh-cn.php
[ info ] [ ROUTE ] array (
  'type' => 'module',
  'module' => 
  array (
    0 => 'admin',
    1 => 'userle',
    2 => 'index',
  ),
)
[ info ] [ HEADER ] array (
  'host' => 'www.xiaomi.com',
  'connection' => 'keep-alive',
  'content-length' => '6',
  'accept' => '*/*',
  'x-requested-with' => 'XMLHttpRequest',
  'user-agent' => 'Mozilla/5.0 (Windows NT 10.0; WOW64) AppleWebKit/537.36 (KHTML, like Gecko) Chrome/84.0.4147.89 Safari/537.36',
  'content-type' => 'application/x-www-form-urlencoded; charset=UTF-8',
  'origin' => 'http://www.xiaomi.com',
  'referer' => 'http://www.xiaomi.com/admin/userle/index.html',
  'accept-encoding' => 'gzip, deflate',
  'accept-language' => 'zh-CN,zh;q=0.9',
  'cookie' => 'PHPSESSID=oki703qji11mkbppomeueotf74; uLocale=zh_CN; cUserId=LqNN9yWgb9JFrZ5WQMZFYMTpZxI',
)
[ info ] [ PARAM ] array (
  '/admin/userle/index/userle/index' => '',
  'user' => 'm',
  'userle' => 'index',
)
[ info ] [ RUN ] app\admin\controller\Userle->index[ D:\wamp64\www\xiaomi\git\state\application\admin\controller\Userle.php ]
[ info ] [ DB ] INIT mysql
[ info ] [ LOG ] INIT File
[ sql ] [ DB ] CONNECT:[ UseTime:0.000730s ] mysql:host=127.0.0.1;dbname=backstagelibrary;charset=utf8
[ sql ] [ SQL ] SHOW COLUMNS FROM `brary_note` [ RunTime:0.006736s ]
[ sql ] [ SQL ] SELECT * FROM `brary_note` WHERE  `username` LIKE '%m%' LIMIT 0,10 [ RunTime:0.000687s ]
[ sql ] [ SQL ] SELECT * FROM `brary_note` WHERE  `username` LIKE '%m%' [ RunTime:0.000684s ]
---------------------------------------------------------------
[ 2020-09-09T10:49:25+08:00 ] 127.0.0.1 GET www.xiaomi.com/admin/userle/xiangqing
[运行时间：0.006270s] [吞吐率：159.49req/s] [内存消耗：247.55kb] [文件加载：43]
[ info ] [ LANG ] D:\wamp64\www\xiaomi\git\state\thinkphp\lang\zh-cn.php
[ info ] [ ROUTE ] array (
  'type' => 'module',
  'module' => 
  array (
    0 => 'admin',
    1 => 'userle',
    2 => 'xiangqing',
  ),
)
[ info ] [ HEADER ] array (
  'host' => 'www.xiaomi.com',
  'connection' => 'keep-alive',
  'upgrade-insecure-requests' => '1',
  'user-agent' => 'Mozilla/5.0 (Windows NT 10.0; WOW64) AppleWebKit/537.36 (KHTML, like Gecko) Chrome/84.0.4147.89 Safari/537.36',
  'accept' => 'text/html,application/xhtml+xml,application/xml;q=0.9,image/webp,image/apng,*/*;q=0.8,application/signed-exchange;v=b3;q=0.9',
  'referer' => 'http://www.xiaomi.com/admin/userle/index.html',
  'accept-encoding' => 'gzip, deflate',
  'accept-language' => 'zh-CN,zh;q=0.9',
  'cookie' => 'PHPSESSID=oki703qji11mkbppomeueotf74; uLocale=zh_CN; cUserId=LqNN9yWgb9JFrZ5WQMZFYMTpZxI',
)
[ info ] [ PARAM ] array (
  '/admin/userle/xiangqing' => '',
)
[ info ] [ RUN ] app\admin\controller\Userle->xiangqing[ D:\wamp64\www\xiaomi\git\state\application\admin\controller\Userle.php ]
[ info ] [ VIEW ] D:\wamp64\www\xiaomi\git\state\public/../application/admin\view\user\xiangqing.html [ array (
) ]
[ info ] [ LOG ] INIT File
---------------------------------------------------------------
[ 2020-09-09T10:49:25+08:00 ] 127.0.0.1 GET www.xiaomi.com/static/admin/img/userPICS.png
[运行时间：0.006051s] [吞吐率：165.26req/s] [内存消耗：154.47kb] [文件加载：35]
[ info ] [ LANG ] D:\wamp64\www\xiaomi\git\state\thinkphp\lang\zh-cn.php
[ info ] [ ROUTE ] array (
  'type' => 'module',
  'module' => 
  array (
    0 => 'static',
    1 => 'admin',
    2 => 'img',
  ),
)
[ info ] [ HEADER ] array (
  'host' => 'www.xiaomi.com',
  'connection' => 'keep-alive',
  'user-agent' => 'Mozilla/5.0 (Windows NT 10.0; WOW64) AppleWebKit/537.36 (KHTML, like Gecko) Chrome/84.0.4147.89 Safari/537.36',
  'accept' => 'image/webp,image/apng,image/*,*/*;q=0.8',
  'referer' => 'http://www.xiaomi.com/admin/userle/xiangqing',
  'accept-encoding' => 'gzip, deflate',
  'accept-language' => 'zh-CN,zh;q=0.9',
  'cookie' => 'PHPSESSID=oki703qji11mkbppomeueotf74; uLocale=zh_CN; cUserId=LqNN9yWgb9JFrZ5WQMZFYMTpZxI',
)
[ info ] [ PARAM ] array (
  '/static/admin/img/userPICS_png' => '',
)
[ info ] [ LOG ] INIT File
---------------------------------------------------------------
[ 2020-09-09T10:49:45+08:00 ] 127.0.0.1 GET www.xiaomi.com/admin/userle/index.html
[运行时间：0.012159s] [吞吐率：82.24req/s] [内存消耗：247.54kb] [文件加载：43]
[ info ] [ LANG ] D:\wamp64\www\xiaomi\git\state\thinkphp\lang\zh-cn.php
[ info ] [ ROUTE ] array (
  'type' => 'module',
  'module' => 
  array (
    0 => 'admin',
    1 => 'userle',
    2 => 'index',
  ),
)
[ info ] [ HEADER ] array (
  'host' => 'www.xiaomi.com',
  'connection' => 'keep-alive',
  'upgrade-insecure-requests' => '1',
  'user-agent' => 'Mozilla/5.0 (Windows NT 10.0; WOW64) AppleWebKit/537.36 (KHTML, like Gecko) Chrome/84.0.4147.89 Safari/537.36',
  'accept' => 'text/html,application/xhtml+xml,application/xml;q=0.9,image/webp,image/apng,*/*;q=0.8,application/signed-exchange;v=b3;q=0.9',
  'referer' => 'http://www.xiaomi.com/admin/index/index.html',
  'accept-encoding' => 'gzip, deflate',
  'accept-language' => 'zh-CN,zh;q=0.9',
  'cookie' => 'PHPSESSID=oki703qji11mkbppomeueotf74; uLocale=zh_CN; cUserId=LqNN9yWgb9JFrZ5WQMZFYMTpZxI',
)
[ info ] [ PARAM ] array (
  '/admin/userle/index_html' => '',
)
[ info ] [ RUN ] app\admin\controller\Userle->index[ D:\wamp64\www\xiaomi\git\state\application\admin\controller\Userle.php ]
[ info ] [ VIEW ] D:\wamp64\www\xiaomi\git\state\public/../application/admin\view\user\index.html [ array (
) ]
[ info ] [ LOG ] INIT File
---------------------------------------------------------------
[ 2020-09-09T10:49:50+08:00 ] 127.0.0.1 POST www.xiaomi.com/admin/userle/index/userle/index
[运行时间：0.016865s] [吞吐率：59.29req/s] [内存消耗：531.59kb] [文件加载：53]
[ info ] [ LANG ] D:\wamp64\www\xiaomi\git\state\thinkphp\lang\zh-cn.php
[ info ] [ ROUTE ] array (
  'type' => 'module',
  'module' => 
  array (
    0 => 'admin',
    1 => 'userle',
    2 => 'index',
  ),
)
[ info ] [ HEADER ] array (
  'host' => 'www.xiaomi.com',
  'connection' => 'keep-alive',
  'content-length' => '6',
  'accept' => '*/*',
  'x-requested-with' => 'XMLHttpRequest',
  'user-agent' => 'Mozilla/5.0 (Windows NT 10.0; WOW64) AppleWebKit/537.36 (KHTML, like Gecko) Chrome/84.0.4147.89 Safari/537.36',
  'content-type' => 'application/x-www-form-urlencoded; charset=UTF-8',
  'origin' => 'http://www.xiaomi.com',
  'referer' => 'http://www.xiaomi.com/admin/userle/index.html',
  'accept-encoding' => 'gzip, deflate',
  'accept-language' => 'zh-CN,zh;q=0.9',
  'cookie' => 'PHPSESSID=oki703qji11mkbppomeueotf74; uLocale=zh_CN; cUserId=LqNN9yWgb9JFrZ5WQMZFYMTpZxI',
)
[ info ] [ PARAM ] array (
  '/admin/userle/index/userle/index' => '',
  'user' => 'm',
  'userle' => 'index',
)
[ info ] [ RUN ] app\admin\controller\Userle->index[ D:\wamp64\www\xiaomi\git\state\application\admin\controller\Userle.php ]
[ info ] [ DB ] INIT mysql
[ info ] [ LOG ] INIT File
[ sql ] [ DB ] CONNECT:[ UseTime:0.000688s ] mysql:host=127.0.0.1;dbname=backstagelibrary;charset=utf8
[ sql ] [ SQL ] SHOW COLUMNS FROM `brary_note` [ RunTime:0.007153s ]
[ sql ] [ SQL ] SELECT * FROM `brary_note` WHERE  `username` LIKE '%m%' LIMIT 0,10 [ RunTime:0.000569s ]
[ sql ] [ SQL ] SELECT * FROM `brary_note` WHERE  `username` LIKE '%m%' [ RunTime:0.000539s ]
---------------------------------------------------------------
[ 2020-09-09T10:51:22+08:00 ] 127.0.0.1 POST www.xiaomi.com/admin/userle/index/userle/index
[运行时间：0.019799s] [吞吐率：50.51req/s] [内存消耗：531.59kb] [文件加载：53]
[ info ] [ LANG ] D:\wamp64\www\xiaomi\git\state\thinkphp\lang\zh-cn.php
[ info ] [ ROUTE ] array (
  'type' => 'module',
  'module' => 
  array (
    0 => 'admin',
    1 => 'userle',
    2 => 'index',
  ),
)
[ info ] [ HEADER ] array (
  'host' => 'www.xiaomi.com',
  'connection' => 'keep-alive',
  'content-length' => '6',
  'accept' => '*/*',
  'x-requested-with' => 'XMLHttpRequest',
  'user-agent' => 'Mozilla/5.0 (Windows NT 10.0; WOW64) AppleWebKit/537.36 (KHTML, like Gecko) Chrome/84.0.4147.89 Safari/537.36',
  'content-type' => 'application/x-www-form-urlencoded; charset=UTF-8',
  'origin' => 'http://www.xiaomi.com',
  'referer' => 'http://www.xiaomi.com/admin/userle/index.html',
  'accept-encoding' => 'gzip, deflate',
  'accept-language' => 'zh-CN,zh;q=0.9',
  'cookie' => 'PHPSESSID=oki703qji11mkbppomeueotf74; uLocale=zh_CN; cUserId=LqNN9yWgb9JFrZ5WQMZFYMTpZxI',
)
[ info ] [ PARAM ] array (
  '/admin/userle/index/userle/index' => '',
  'user' => 'm',
  'userle' => 'index',
)
[ info ] [ RUN ] app\admin\controller\Userle->index[ D:\wamp64\www\xiaomi\git\state\application\admin\controller\Userle.php ]
[ info ] [ DB ] INIT mysql
[ info ] [ LOG ] INIT File
[ sql ] [ DB ] CONNECT:[ UseTime:0.000885s ] mysql:host=127.0.0.1;dbname=backstagelibrary;charset=utf8
[ sql ] [ SQL ] SHOW COLUMNS FROM `brary_note` [ RunTime:0.006674s ]
[ sql ] [ SQL ] SELECT * FROM `brary_note` WHERE  `username` LIKE '%m%' LIMIT 0,10 [ RunTime:0.000649s ]
[ sql ] [ SQL ] SELECT * FROM `brary_note` WHERE  `username` LIKE '%m%' [ RunTime:0.000572s ]
---------------------------------------------------------------
[ 2020-09-09T10:51:33+08:00 ] 127.0.0.1 GET www.xiaomi.com/admin/userle/xiangqing
[运行时间：0.006557s] [吞吐率：152.51req/s] [内存消耗：247.55kb] [文件加载：43]
[ info ] [ LANG ] D:\wamp64\www\xiaomi\git\state\thinkphp\lang\zh-cn.php
[ info ] [ ROUTE ] array (
  'type' => 'module',
  'module' => 
  array (
    0 => 'admin',
    1 => 'userle',
    2 => 'xiangqing',
  ),
)
[ info ] [ HEADER ] array (
  'host' => 'www.xiaomi.com',
  'connection' => 'keep-alive',
  'upgrade-insecure-requests' => '1',
  'user-agent' => 'Mozilla/5.0 (Windows NT 10.0; WOW64) AppleWebKit/537.36 (KHTML, like Gecko) Chrome/84.0.4147.89 Safari/537.36',
  'accept' => 'text/html,application/xhtml+xml,application/xml;q=0.9,image/webp,image/apng,*/*;q=0.8,application/signed-exchange;v=b3;q=0.9',
  'referer' => 'http://www.xiaomi.com/admin/userle/index.html',
  'accept-encoding' => 'gzip, deflate',
  'accept-language' => 'zh-CN,zh;q=0.9',
  'cookie' => 'PHPSESSID=oki703qji11mkbppomeueotf74; uLocale=zh_CN; cUserId=LqNN9yWgb9JFrZ5WQMZFYMTpZxI',
)
[ info ] [ PARAM ] array (
  '/admin/userle/xiangqing' => '',
)
[ info ] [ RUN ] app\admin\controller\Userle->xiangqing[ D:\wamp64\www\xiaomi\git\state\application\admin\controller\Userle.php ]
[ info ] [ VIEW ] D:\wamp64\www\xiaomi\git\state\public/../application/admin\view\user\xiangqing.html [ array (
) ]
[ info ] [ LOG ] INIT File
---------------------------------------------------------------
[ 2020-09-09T10:51:33+08:00 ] 127.0.0.1 GET www.xiaomi.com/static/admin/img/userPICS.png
[运行时间：0.014164s] [吞吐率：70.60req/s] [内存消耗：154.47kb] [文件加载：35]
[ info ] [ LANG ] D:\wamp64\www\xiaomi\git\state\thinkphp\lang\zh-cn.php
[ info ] [ ROUTE ] array (
  'type' => 'module',
  'module' => 
  array (
    0 => 'static',
    1 => 'admin',
    2 => 'img',
  ),
)
[ info ] [ HEADER ] array (
  'host' => 'www.xiaomi.com',
  'connection' => 'keep-alive',
  'user-agent' => 'Mozilla/5.0 (Windows NT 10.0; WOW64) AppleWebKit/537.36 (KHTML, like Gecko) Chrome/84.0.4147.89 Safari/537.36',
  'accept' => 'image/webp,image/apng,image/*,*/*;q=0.8',
  'referer' => 'http://www.xiaomi.com/admin/userle/xiangqing',
  'accept-encoding' => 'gzip, deflate',
  'accept-language' => 'zh-CN,zh;q=0.9',
  'cookie' => 'PHPSESSID=oki703qji11mkbppomeueotf74; uLocale=zh_CN; cUserId=LqNN9yWgb9JFrZ5WQMZFYMTpZxI',
)
[ info ] [ PARAM ] array (
  '/static/admin/img/userPICS_png' => '',
)
[ info ] [ LOG ] INIT File
---------------------------------------------------------------
[ 2020-09-09T11:14:14+08:00 ] 127.0.0.1 GET www.xiaomi.com/admin/role/index.html
[运行时间：0.010324s] [吞吐率：96.86req/s] [内存消耗：247.54kb] [文件加载：43]
[ info ] [ LANG ] D:\wamp64\www\xiaomi\git\state\thinkphp\lang\zh-cn.php
[ info ] [ ROUTE ] array (
  'type' => 'module',
  'module' => 
  array (
    0 => 'admin',
    1 => 'role',
    2 => 'index',
  ),
)
[ info ] [ HEADER ] array (
  'host' => 'www.xiaomi.com',
  'connection' => 'keep-alive',
  'upgrade-insecure-requests' => '1',
  'user-agent' => 'Mozilla/5.0 (Windows NT 10.0; WOW64) AppleWebKit/537.36 (KHTML, like Gecko) Chrome/84.0.4147.89 Safari/537.36',
  'accept' => 'text/html,application/xhtml+xml,application/xml;q=0.9,image/webp,image/apng,*/*;q=0.8,application/signed-exchange;v=b3;q=0.9',
  'referer' => 'http://www.xiaomi.com/admin/index/index.html',
  'accept-encoding' => 'gzip, deflate',
  'accept-language' => 'zh-CN,zh;q=0.9',
  'cookie' => 'PHPSESSID=oki703qji11mkbppomeueotf74; uLocale=zh_CN; cUserId=LqNN9yWgb9JFrZ5WQMZFYMTpZxI',
)
[ info ] [ PARAM ] array (
  '/admin/role/index_html' => '',
)
[ info ] [ RUN ] app\admin\controller\Role->index[ D:\wamp64\www\xiaomi\git\state\application\admin\controller\Role.php ]
[ info ] [ VIEW ] D:\wamp64\www\xiaomi\git\state\public/../application/admin\view\role\index.html [ array (
) ]
[ info ] [ LOG ] INIT File
---------------------------------------------------------------
[ 2020-09-09T11:14:18+08:00 ] 127.0.0.1 GET www.xiaomi.com/admin/userle/index.html
[运行时间：0.007570s] [吞吐率：132.10req/s] [内存消耗：247.54kb] [文件加载：43]
[ info ] [ LANG ] D:\wamp64\www\xiaomi\git\state\thinkphp\lang\zh-cn.php
[ info ] [ ROUTE ] array (
  'type' => 'module',
  'module' => 
  array (
    0 => 'admin',
    1 => 'userle',
    2 => 'index',
  ),
)
[ info ] [ HEADER ] array (
  'host' => 'www.xiaomi.com',
  'connection' => 'keep-alive',
  'upgrade-insecure-requests' => '1',
  'user-agent' => 'Mozilla/5.0 (Windows NT 10.0; WOW64) AppleWebKit/537.36 (KHTML, like Gecko) Chrome/84.0.4147.89 Safari/537.36',
  'accept' => 'text/html,application/xhtml+xml,application/xml;q=0.9,image/webp,image/apng,*/*;q=0.8,application/signed-exchange;v=b3;q=0.9',
  'referer' => 'http://www.xiaomi.com/admin/userle/xiangqing',
  'accept-encoding' => 'gzip, deflate',
  'accept-language' => 'zh-CN,zh;q=0.9',
  'cookie' => 'PHPSESSID=oki703qji11mkbppomeueotf74; uLocale=zh_CN; cUserId=LqNN9yWgb9JFrZ5WQMZFYMTpZxI',
)
[ info ] [ PARAM ] array (
  '/admin/userle/index_html' => '',
)
[ info ] [ RUN ] app\admin\controller\Userle->index[ D:\wamp64\www\xiaomi\git\state\application\admin\controller\Userle.php ]
[ info ] [ VIEW ] D:\wamp64\www\xiaomi\git\state\public/../application/admin\view\user\index.html [ array (
) ]
[ info ] [ LOG ] INIT File
---------------------------------------------------------------
[ 2020-09-09T11:14:24+08:00 ] 127.0.0.1 POST www.xiaomi.com/admin/userle/index/userle/index
[运行时间：0.018763s] [吞吐率：53.30req/s] [内存消耗：531.59kb] [文件加载：53]
[ info ] [ LANG ] D:\wamp64\www\xiaomi\git\state\thinkphp\lang\zh-cn.php
[ info ] [ ROUTE ] array (
  'type' => 'module',
  'module' => 
  array (
    0 => 'admin',
    1 => 'userle',
    2 => 'index',
  ),
)
[ info ] [ HEADER ] array (
  'host' => 'www.xiaomi.com',
  'connection' => 'keep-alive',
  'content-length' => '6',
  'accept' => '*/*',
  'x-requested-with' => 'XMLHttpRequest',
  'user-agent' => 'Mozilla/5.0 (Windows NT 10.0; WOW64) AppleWebKit/537.36 (KHTML, like Gecko) Chrome/84.0.4147.89 Safari/537.36',
  'content-type' => 'application/x-www-form-urlencoded; charset=UTF-8',
  'origin' => 'http://www.xiaomi.com',
  'referer' => 'http://www.xiaomi.com/admin/userle/index.html',
  'accept-encoding' => 'gzip, deflate',
  'accept-language' => 'zh-CN,zh;q=0.9',
  'cookie' => 'PHPSESSID=oki703qji11mkbppomeueotf74; uLocale=zh_CN; cUserId=LqNN9yWgb9JFrZ5WQMZFYMTpZxI',
)
[ info ] [ PARAM ] array (
  '/admin/userle/index/userle/index' => '',
  'user' => 'm',
  'userle' => 'index',
)
[ info ] [ RUN ] app\admin\controller\Userle->index[ D:\wamp64\www\xiaomi\git\state\application\admin\controller\Userle.php ]
[ info ] [ DB ] INIT mysql
[ info ] [ LOG ] INIT File
[ sql ] [ DB ] CONNECT:[ UseTime:0.000956s ] mysql:host=127.0.0.1;dbname=backstagelibrary;charset=utf8
[ sql ] [ SQL ] SHOW COLUMNS FROM `brary_note` [ RunTime:0.007640s ]
[ sql ] [ SQL ] SELECT * FROM `brary_note` WHERE  `username` LIKE '%m%' LIMIT 0,10 [ RunTime:0.000594s ]
[ sql ] [ SQL ] SELECT * FROM `brary_note` WHERE  `username` LIKE '%m%' [ RunTime:0.000554s ]
---------------------------------------------------------------
[ 2020-09-09T11:14:30+08:00 ] 127.0.0.1 GET www.xiaomi.com/admin/userle/xiangqing
[运行时间：0.007050s] [吞吐率：141.85req/s] [内存消耗：247.55kb] [文件加载：43]
[ info ] [ LANG ] D:\wamp64\www\xiaomi\git\state\thinkphp\lang\zh-cn.php
[ info ] [ ROUTE ] array (
  'type' => 'module',
  'module' => 
  array (
    0 => 'admin',
    1 => 'userle',
    2 => 'xiangqing',
  ),
)
[ info ] [ HEADER ] array (
  'host' => 'www.xiaomi.com',
  'connection' => 'keep-alive',
  'upgrade-insecure-requests' => '1',
  'user-agent' => 'Mozilla/5.0 (Windows NT 10.0; WOW64) AppleWebKit/537.36 (KHTML, like Gecko) Chrome/84.0.4147.89 Safari/537.36',
  'accept' => 'text/html,application/xhtml+xml,application/xml;q=0.9,image/webp,image/apng,*/*;q=0.8,application/signed-exchange;v=b3;q=0.9',
  'referer' => 'http://www.xiaomi.com/admin/userle/index.html',
  'accept-encoding' => 'gzip, deflate',
  'accept-language' => 'zh-CN,zh;q=0.9',
  'cookie' => 'PHPSESSID=oki703qji11mkbppomeueotf74; uLocale=zh_CN; cUserId=LqNN9yWgb9JFrZ5WQMZFYMTpZxI',
)
[ info ] [ PARAM ] array (
  '/admin/userle/xiangqing' => '',
)
[ info ] [ RUN ] app\admin\controller\Userle->xiangqing[ D:\wamp64\www\xiaomi\git\state\application\admin\controller\Userle.php ]
[ info ] [ VIEW ] D:\wamp64\www\xiaomi\git\state\public/../application/admin\view\user\xiangqing.html [ array (
) ]
[ info ] [ LOG ] INIT File
---------------------------------------------------------------
[ 2020-09-09T11:14:30+08:00 ] 127.0.0.1 GET www.xiaomi.com/static/admin/img/userPICS.png
[运行时间：0.006243s] [吞吐率：160.18req/s] [内存消耗：154.47kb] [文件加载：35]
[ info ] [ LANG ] D:\wamp64\www\xiaomi\git\state\thinkphp\lang\zh-cn.php
[ info ] [ ROUTE ] array (
  'type' => 'module',
  'module' => 
  array (
    0 => 'static',
    1 => 'admin',
    2 => 'img',
  ),
)
[ info ] [ HEADER ] array (
  'host' => 'www.xiaomi.com',
  'connection' => 'keep-alive',
  'user-agent' => 'Mozilla/5.0 (Windows NT 10.0; WOW64) AppleWebKit/537.36 (KHTML, like Gecko) Chrome/84.0.4147.89 Safari/537.36',
  'accept' => 'image/webp,image/apng,image/*,*/*;q=0.8',
  'referer' => 'http://www.xiaomi.com/admin/userle/xiangqing',
  'accept-encoding' => 'gzip, deflate',
  'accept-language' => 'zh-CN,zh;q=0.9',
  'cookie' => 'PHPSESSID=oki703qji11mkbppomeueotf74; uLocale=zh_CN; cUserId=LqNN9yWgb9JFrZ5WQMZFYMTpZxI',
)
[ info ] [ PARAM ] array (
  '/static/admin/img/userPICS_png' => '',
)
[ info ] [ LOG ] INIT File
---------------------------------------------------------------
[ 2020-09-09T11:14:32+08:00 ] 127.0.0.1 GET www.xiaomi.com/admin/userle/index.html
[运行时间：0.007924s] [吞吐率：126.20req/s] [内存消耗：247.54kb] [文件加载：43]
[ info ] [ LANG ] D:\wamp64\www\xiaomi\git\state\thinkphp\lang\zh-cn.php
[ info ] [ ROUTE ] array (
  'type' => 'module',
  'module' => 
  array (
    0 => 'admin',
    1 => 'userle',
    2 => 'index',
  ),
)
[ info ] [ HEADER ] array (
  'host' => 'www.xiaomi.com',
  'connection' => 'keep-alive',
  'upgrade-insecure-requests' => '1',
  'user-agent' => 'Mozilla/5.0 (Windows NT 10.0; WOW64) AppleWebKit/537.36 (KHTML, like Gecko) Chrome/84.0.4147.89 Safari/537.36',
  'accept' => 'text/html,application/xhtml+xml,application/xml;q=0.9,image/webp,image/apng,*/*;q=0.8,application/signed-exchange;v=b3;q=0.9',
  'referer' => 'http://www.xiaomi.com/admin/userle/xiangqing',
  'accept-encoding' => 'gzip, deflate',
  'accept-language' => 'zh-CN,zh;q=0.9',
  'cookie' => 'PHPSESSID=oki703qji11mkbppomeueotf74; uLocale=zh_CN; cUserId=LqNN9yWgb9JFrZ5WQMZFYMTpZxI',
)
[ info ] [ PARAM ] array (
  '/admin/userle/index_html' => '',
)
[ info ] [ RUN ] app\admin\controller\Userle->index[ D:\wamp64\www\xiaomi\git\state\application\admin\controller\Userle.php ]
[ info ] [ VIEW ] D:\wamp64\www\xiaomi\git\state\public/../application/admin\view\user\index.html [ array (
) ]
[ info ] [ LOG ] INIT File
---------------------------------------------------------------
[ 2020-09-09T11:14:45+08:00 ] 127.0.0.1 POST www.xiaomi.com/admin/userle/index/userle/index
[运行时间：0.016146s] [吞吐率：61.94req/s] [内存消耗：531.59kb] [文件加载：53]
[ info ] [ LANG ] D:\wamp64\www\xiaomi\git\state\thinkphp\lang\zh-cn.php
[ info ] [ ROUTE ] array (
  'type' => 'module',
  'module' => 
  array (
    0 => 'admin',
    1 => 'userle',
    2 => 'index',
  ),
)
[ info ] [ HEADER ] array (
  'host' => 'www.xiaomi.com',
  'connection' => 'keep-alive',
  'content-length' => '6',
  'accept' => '*/*',
  'x-requested-with' => 'XMLHttpRequest',
  'user-agent' => 'Mozilla/5.0 (Windows NT 10.0; WOW64) AppleWebKit/537.36 (KHTML, like Gecko) Chrome/84.0.4147.89 Safari/537.36',
  'content-type' => 'application/x-www-form-urlencoded; charset=UTF-8',
  'origin' => 'http://www.xiaomi.com',
  'referer' => 'http://www.xiaomi.com/admin/userle/index.html',
  'accept-encoding' => 'gzip, deflate',
  'accept-language' => 'zh-CN,zh;q=0.9',
  'cookie' => 'PHPSESSID=oki703qji11mkbppomeueotf74; uLocale=zh_CN; cUserId=LqNN9yWgb9JFrZ5WQMZFYMTpZxI',
)
[ info ] [ PARAM ] array (
  '/admin/userle/index/userle/index' => '',
  'user' => 'm',
  'userle' => 'index',
)
[ info ] [ RUN ] app\admin\controller\Userle->index[ D:\wamp64\www\xiaomi\git\state\application\admin\controller\Userle.php ]
[ info ] [ DB ] INIT mysql
[ info ] [ LOG ] INIT File
[ sql ] [ DB ] CONNECT:[ UseTime:0.000675s ] mysql:host=127.0.0.1;dbname=backstagelibrary;charset=utf8
[ sql ] [ SQL ] SHOW COLUMNS FROM `brary_note` [ RunTime:0.006885s ]
[ sql ] [ SQL ] SELECT * FROM `brary_note` WHERE  `username` LIKE '%m%' LIMIT 0,10 [ RunTime:0.000558s ]
[ sql ] [ SQL ] SELECT * FROM `brary_note` WHERE  `username` LIKE '%m%' [ RunTime:0.000496s ]
---------------------------------------------------------------
[ 2020-09-09T11:14:49+08:00 ] 127.0.0.1 GET www.xiaomi.com/admin/userle/xiangqing
[运行时间：0.005964s] [吞吐率：167.67req/s] [内存消耗：247.55kb] [文件加载：43]
[ info ] [ LANG ] D:\wamp64\www\xiaomi\git\state\thinkphp\lang\zh-cn.php
[ info ] [ ROUTE ] array (
  'type' => 'module',
  'module' => 
  array (
    0 => 'admin',
    1 => 'userle',
    2 => 'xiangqing',
  ),
)
[ info ] [ HEADER ] array (
  'host' => 'www.xiaomi.com',
  'connection' => 'keep-alive',
  'upgrade-insecure-requests' => '1',
  'user-agent' => 'Mozilla/5.0 (Windows NT 10.0; WOW64) AppleWebKit/537.36 (KHTML, like Gecko) Chrome/84.0.4147.89 Safari/537.36',
  'accept' => 'text/html,application/xhtml+xml,application/xml;q=0.9,image/webp,image/apng,*/*;q=0.8,application/signed-exchange;v=b3;q=0.9',
  'referer' => 'http://www.xiaomi.com/admin/userle/index.html',
  'accept-encoding' => 'gzip, deflate',
  'accept-language' => 'zh-CN,zh;q=0.9',
  'cookie' => 'PHPSESSID=oki703qji11mkbppomeueotf74; uLocale=zh_CN; cUserId=LqNN9yWgb9JFrZ5WQMZFYMTpZxI',
)
[ info ] [ PARAM ] array (
  '/admin/userle/xiangqing' => '',
)
[ info ] [ RUN ] app\admin\controller\Userle->xiangqing[ D:\wamp64\www\xiaomi\git\state\application\admin\controller\Userle.php ]
[ info ] [ VIEW ] D:\wamp64\www\xiaomi\git\state\public/../application/admin\view\user\xiangqing.html [ array (
) ]
[ info ] [ LOG ] INIT File
---------------------------------------------------------------
[ 2020-09-09T11:14:49+08:00 ] 127.0.0.1 GET www.xiaomi.com/static/admin/img/userPICS.png
[运行时间：0.009643s] [吞吐率：103.70req/s] [内存消耗：154.47kb] [文件加载：35]
[ info ] [ LANG ] D:\wamp64\www\xiaomi\git\state\thinkphp\lang\zh-cn.php
[ info ] [ ROUTE ] array (
  'type' => 'module',
  'module' => 
  array (
    0 => 'static',
    1 => 'admin',
    2 => 'img',
  ),
)
[ info ] [ HEADER ] array (
  'host' => 'www.xiaomi.com',
  'connection' => 'keep-alive',
  'user-agent' => 'Mozilla/5.0 (Windows NT 10.0; WOW64) AppleWebKit/537.36 (KHTML, like Gecko) Chrome/84.0.4147.89 Safari/537.36',
  'accept' => 'image/webp,image/apng,image/*,*/*;q=0.8',
  'referer' => 'http://www.xiaomi.com/admin/userle/xiangqing',
  'accept-encoding' => 'gzip, deflate',
  'accept-language' => 'zh-CN,zh;q=0.9',
  'cookie' => 'PHPSESSID=oki703qji11mkbppomeueotf74; uLocale=zh_CN; cUserId=LqNN9yWgb9JFrZ5WQMZFYMTpZxI',
)
[ info ] [ PARAM ] array (
  '/static/admin/img/userPICS_png' => '',
)
[ info ] [ LOG ] INIT File
---------------------------------------------------------------
[ 2020-09-09T11:14:53+08:00 ] 127.0.0.1 GET www.xiaomi.com/admin/userle/index.html
[运行时间：0.005574s] [吞吐率：179.40req/s] [内存消耗：247.54kb] [文件加载：43]
[ info ] [ LANG ] D:\wamp64\www\xiaomi\git\state\thinkphp\lang\zh-cn.php
[ info ] [ ROUTE ] array (
  'type' => 'module',
  'module' => 
  array (
    0 => 'admin',
    1 => 'userle',
    2 => 'index',
  ),
)
[ info ] [ HEADER ] array (
  'host' => 'www.xiaomi.com',
  'connection' => 'keep-alive',
  'upgrade-insecure-requests' => '1',
  'user-agent' => 'Mozilla/5.0 (Windows NT 10.0; WOW64) AppleWebKit/537.36 (KHTML, like Gecko) Chrome/84.0.4147.89 Safari/537.36',
  'accept' => 'text/html,application/xhtml+xml,application/xml;q=0.9,image/webp,image/apng,*/*;q=0.8,application/signed-exchange;v=b3;q=0.9',
  'referer' => 'http://www.xiaomi.com/admin/userle/xiangqing',
  'accept-encoding' => 'gzip, deflate',
  'accept-language' => 'zh-CN,zh;q=0.9',
  'cookie' => 'PHPSESSID=oki703qji11mkbppomeueotf74; uLocale=zh_CN; cUserId=LqNN9yWgb9JFrZ5WQMZFYMTpZxI',
)
[ info ] [ PARAM ] array (
  '/admin/userle/index_html' => '',
)
[ info ] [ RUN ] app\admin\controller\Userle->index[ D:\wamp64\www\xiaomi\git\state\application\admin\controller\Userle.php ]
[ info ] [ VIEW ] D:\wamp64\www\xiaomi\git\state\public/../application/admin\view\user\index.html [ array (
) ]
[ info ] [ LOG ] INIT File
---------------------------------------------------------------
[ 2020-09-09T11:22:35+08:00 ] 127.0.0.1 GET www.xiaomi.com/admin/index/index.html
[运行时间：0.053931s] [吞吐率：18.54req/s] [内存消耗：537.18kb] [文件加载：56]
[ info ] [ LANG ] D:\wamp64\www\xiaomi\git\state\thinkphp\lang\zh-cn.php
[ info ] [ ROUTE ] array (
  'type' => 'module',
  'module' => 
  array (
    0 => 'admin',
    1 => 'index',
    2 => 'index',
  ),
)
[ info ] [ HEADER ] array (
  'host' => 'www.xiaomi.com',
  'connection' => 'keep-alive',
  'cache-control' => 'max-age=0',
  'upgrade-insecure-requests' => '1',
  'user-agent' => 'Mozilla/5.0 (Windows NT 10.0; WOW64) AppleWebKit/537.36 (KHTML, like Gecko) Chrome/84.0.4147.89 Safari/537.36',
  'accept' => 'text/html,application/xhtml+xml,application/xml;q=0.9,image/webp,image/apng,*/*;q=0.8,application/signed-exchange;v=b3;q=0.9',
  'accept-encoding' => 'gzip, deflate',
  'accept-language' => 'zh-CN,zh;q=0.9',
  'cookie' => 'PHPSESSID=oki703qji11mkbppomeueotf74; uLocale=zh_CN; cUserId=LqNN9yWgb9JFrZ5WQMZFYMTpZxI',
)
[ info ] [ PARAM ] array (
  '/admin/index/index_html' => '',
)
[ info ] [ SESSION ] INIT array (
  'id' => '',
  'var_session_id' => '',
  'prefix' => 'think',
  'type' => '',
  'auto_start' => true,
)
[ info ] [ DB ] INIT mysql
[ info ] [ RUN ] app\admin\controller\Index->index[ D:\wamp64\www\xiaomi\git\state\application\admin\controller\Index.php ]
[ info ] [ VIEW ] D:\wamp64\www\xiaomi\git\state\public/../application/admin\view\.\index.html [ array (
  0 => 'username',
  1 => 'menu',
  2 => 'rolename',
) ]
[ info ] [ LOG ] INIT File
[ sql ] [ DB ] CONNECT:[ UseTime:0.001151s ] mysql:host=127.0.0.1;dbname=backstagelibrary;charset=utf8
[ sql ] [ SQL ] SHOW COLUMNS FROM `brary_node` [ RunTime:0.011286s ]
[ sql ] [ SQL ] SELECT * FROM `brary_node` WHERE  (  is_menu=2 ) [ RunTime:0.000680s ]
---------------------------------------------------------------
[ 2020-09-09T11:22:35+08:00 ] 127.0.0.1 GET www.xiaomi.com/admin/index/indexpage.html
[运行时间：0.023653s] [吞吐率：42.28req/s] [内存消耗：537.41kb] [文件加载：56]
[ info ] [ LANG ] D:\wamp64\www\xiaomi\git\state\thinkphp\lang\zh-cn.php
[ info ] [ ROUTE ] array (
  'type' => 'module',
  'module' => 
  array (
    0 => 'admin',
    1 => 'index',
    2 => 'indexpage',
  ),
)
[ info ] [ HEADER ] array (
  'host' => 'www.xiaomi.com',
  'connection' => 'keep-alive',
  'upgrade-insecure-requests' => '1',
  'user-agent' => 'Mozilla/5.0 (Windows NT 10.0; WOW64) AppleWebKit/537.36 (KHTML, like Gecko) Chrome/84.0.4147.89 Safari/537.36',
  'accept' => 'text/html,application/xhtml+xml,application/xml;q=0.9,image/webp,image/apng,*/*;q=0.8,application/signed-exchange;v=b3;q=0.9',
  'referer' => 'http://www.xiaomi.com/admin/index/index.html',
  'accept-encoding' => 'gzip, deflate',
  'accept-language' => 'zh-CN,zh;q=0.9',
  'cookie' => 'PHPSESSID=oki703qji11mkbppomeueotf74; uLocale=zh_CN; cUserId=LqNN9yWgb9JFrZ5WQMZFYMTpZxI',
)
[ info ] [ PARAM ] array (
  '/admin/index/indexpage_html' => '',
)
[ info ] [ SESSION ] INIT array (
  'id' => '',
  'var_session_id' => '',
  'prefix' => 'think',
  'type' => '',
  'auto_start' => true,
)
[ info ] [ DB ] INIT mysql
[ info ] [ RUN ] app\admin\controller\Index->indexPage[ D:\wamp64\www\xiaomi\git\state\application\admin\controller\Index.php ]
[ info ] [ VIEW ] D:\wamp64\www\xiaomi\git\state\public/../application/admin\view\.\index\index.html [ array (
  0 => 'username',
  1 => 'menu',
  2 => 'rolename',
) ]
[ info ] [ LOG ] INIT File
[ sql ] [ DB ] CONNECT:[ UseTime:0.000756s ] mysql:host=127.0.0.1;dbname=backstagelibrary;charset=utf8
[ sql ] [ SQL ] SHOW COLUMNS FROM `brary_node` [ RunTime:0.008999s ]
[ sql ] [ SQL ] SELECT * FROM `brary_node` WHERE  (  is_menu=2 ) [ RunTime:0.000648s ]
---------------------------------------------------------------
[ 2020-09-09T11:22:37+08:00 ] 127.0.0.1 GET www.xiaomi.com/admin/userle/index.html
[运行时间：0.010820s] [吞吐率：92.42req/s] [内存消耗：247.54kb] [文件加载：43]
[ info ] [ LANG ] D:\wamp64\www\xiaomi\git\state\thinkphp\lang\zh-cn.php
[ info ] [ ROUTE ] array (
  'type' => 'module',
  'module' => 
  array (
    0 => 'admin',
    1 => 'userle',
    2 => 'index',
  ),
)
[ info ] [ HEADER ] array (
  'host' => 'www.xiaomi.com',
  'connection' => 'keep-alive',
  'upgrade-insecure-requests' => '1',
  'user-agent' => 'Mozilla/5.0 (Windows NT 10.0; WOW64) AppleWebKit/537.36 (KHTML, like Gecko) Chrome/84.0.4147.89 Safari/537.36',
  'accept' => 'text/html,application/xhtml+xml,application/xml;q=0.9,image/webp,image/apng,*/*;q=0.8,application/signed-exchange;v=b3;q=0.9',
  'referer' => 'http://www.xiaomi.com/admin/index/index.html',
  'accept-encoding' => 'gzip, deflate',
  'accept-language' => 'zh-CN,zh;q=0.9',
  'cookie' => 'PHPSESSID=oki703qji11mkbppomeueotf74; uLocale=zh_CN; cUserId=LqNN9yWgb9JFrZ5WQMZFYMTpZxI',
)
[ info ] [ PARAM ] array (
  '/admin/userle/index_html' => '',
)
[ info ] [ RUN ] app\admin\controller\Userle->index[ D:\wamp64\www\xiaomi\git\state\application\admin\controller\Userle.php ]
[ info ] [ VIEW ] D:\wamp64\www\xiaomi\git\state\public/../application/admin\view\user\index.html [ array (
) ]
[ info ] [ LOG ] INIT File
---------------------------------------------------------------
[ 2020-09-09T11:22:54+08:00 ] 127.0.0.1 GET www.xiaomi.com/admin/index/index.html
[运行时间：0.051262s] [吞吐率：19.51req/s] [内存消耗：537.18kb] [文件加载：56]
[ info ] [ LANG ] D:\wamp64\www\xiaomi\git\state\thinkphp\lang\zh-cn.php
[ info ] [ ROUTE ] array (
  'type' => 'module',
  'module' => 
  array (
    0 => 'admin',
    1 => 'index',
    2 => 'index',
  ),
)
[ info ] [ HEADER ] array (
  'host' => 'www.xiaomi.com',
  'connection' => 'keep-alive',
  'cache-control' => 'max-age=0',
  'upgrade-insecure-requests' => '1',
  'user-agent' => 'Mozilla/5.0 (Windows NT 10.0; WOW64) AppleWebKit/537.36 (KHTML, like Gecko) Chrome/84.0.4147.89 Safari/537.36',
  'accept' => 'text/html,application/xhtml+xml,application/xml;q=0.9,image/webp,image/apng,*/*;q=0.8,application/signed-exchange;v=b3;q=0.9',
  'accept-encoding' => 'gzip, deflate',
  'accept-language' => 'zh-CN,zh;q=0.9',
  'cookie' => 'PHPSESSID=oki703qji11mkbppomeueotf74; uLocale=zh_CN; cUserId=LqNN9yWgb9JFrZ5WQMZFYMTpZxI',
)
[ info ] [ PARAM ] array (
  '/admin/index/index_html' => '',
)
[ info ] [ SESSION ] INIT array (
  'id' => '',
  'var_session_id' => '',
  'prefix' => 'think',
  'type' => '',
  'auto_start' => true,
)
[ info ] [ DB ] INIT mysql
[ info ] [ RUN ] app\admin\controller\Index->index[ D:\wamp64\www\xiaomi\git\state\application\admin\controller\Index.php ]
[ info ] [ VIEW ] D:\wamp64\www\xiaomi\git\state\public/../application/admin\view\.\index.html [ array (
  0 => 'username',
  1 => 'menu',
  2 => 'rolename',
) ]
[ info ] [ LOG ] INIT File
[ sql ] [ DB ] CONNECT:[ UseTime:0.000916s ] mysql:host=127.0.0.1;dbname=backstagelibrary;charset=utf8
[ sql ] [ SQL ] SHOW COLUMNS FROM `brary_node` [ RunTime:0.009381s ]
[ sql ] [ SQL ] SELECT * FROM `brary_node` WHERE  (  is_menu=2 ) [ RunTime:0.000842s ]
---------------------------------------------------------------
[ 2020-09-09T11:22:54+08:00 ] 127.0.0.1 GET www.xiaomi.com/admin/index/indexpage.html
[运行时间：0.038788s] [吞吐率：25.78req/s] [内存消耗：537.41kb] [文件加载：56]
[ info ] [ LANG ] D:\wamp64\www\xiaomi\git\state\thinkphp\lang\zh-cn.php
[ info ] [ ROUTE ] array (
  'type' => 'module',
  'module' => 
  array (
    0 => 'admin',
    1 => 'index',
    2 => 'indexpage',
  ),
)
[ info ] [ HEADER ] array (
  'host' => 'www.xiaomi.com',
  'connection' => 'keep-alive',
  'upgrade-insecure-requests' => '1',
  'user-agent' => 'Mozilla/5.0 (Windows NT 10.0; WOW64) AppleWebKit/537.36 (KHTML, like Gecko) Chrome/84.0.4147.89 Safari/537.36',
  'accept' => 'text/html,application/xhtml+xml,application/xml;q=0.9,image/webp,image/apng,*/*;q=0.8,application/signed-exchange;v=b3;q=0.9',
  'referer' => 'http://www.xiaomi.com/admin/index/index.html',
  'accept-encoding' => 'gzip, deflate',
  'accept-language' => 'zh-CN,zh;q=0.9',
  'cookie' => 'PHPSESSID=oki703qji11mkbppomeueotf74; uLocale=zh_CN; cUserId=LqNN9yWgb9JFrZ5WQMZFYMTpZxI',
)
[ info ] [ PARAM ] array (
  '/admin/index/indexpage_html' => '',
)
[ info ] [ SESSION ] INIT array (
  'id' => '',
  'var_session_id' => '',
  'prefix' => 'think',
  'type' => '',
  'auto_start' => true,
)
[ info ] [ DB ] INIT mysql
[ info ] [ RUN ] app\admin\controller\Index->indexPage[ D:\wamp64\www\xiaomi\git\state\application\admin\controller\Index.php ]
[ info ] [ VIEW ] D:\wamp64\www\xiaomi\git\state\public/../application/admin\view\.\index\index.html [ array (
  0 => 'username',
  1 => 'menu',
  2 => 'rolename',
) ]
[ info ] [ LOG ] INIT File
[ sql ] [ DB ] CONNECT:[ UseTime:0.001171s ] mysql:host=127.0.0.1;dbname=backstagelibrary;charset=utf8
[ sql ] [ SQL ] SHOW COLUMNS FROM `brary_node` [ RunTime:0.014027s ]
[ sql ] [ SQL ] SELECT * FROM `brary_node` WHERE  (  is_menu=2 ) [ RunTime:0.002106s ]
---------------------------------------------------------------
[ 2020-09-09T11:22:56+08:00 ] 127.0.0.1 GET www.xiaomi.com/admin/userle/index.html
[运行时间：0.013075s] [吞吐率：76.48req/s] [内存消耗：255.59kb] [文件加载：45]
[ info ] [ LANG ] D:\wamp64\www\xiaomi\git\state\thinkphp\lang\zh-cn.php
[ info ] [ ROUTE ] array (
  'type' => 'module',
  'module' => 
  array (
    0 => 'admin',
    1 => 'userle',
    2 => 'index',
  ),
)
[ info ] [ HEADER ] array (
  'host' => 'www.xiaomi.com',
  'connection' => 'keep-alive',
  'upgrade-insecure-requests' => '1',
  'user-agent' => 'Mozilla/5.0 (Windows NT 10.0; WOW64) AppleWebKit/537.36 (KHTML, like Gecko) Chrome/84.0.4147.89 Safari/537.36',
  'accept' => 'text/html,application/xhtml+xml,application/xml;q=0.9,image/webp,image/apng,*/*;q=0.8,application/signed-exchange;v=b3;q=0.9',
  'referer' => 'http://www.xiaomi.com/admin/index/index.html',
  'accept-encoding' => 'gzip, deflate',
  'accept-language' => 'zh-CN,zh;q=0.9',
  'cookie' => 'PHPSESSID=oki703qji11mkbppomeueotf74; uLocale=zh_CN; cUserId=LqNN9yWgb9JFrZ5WQMZFYMTpZxI',
)
[ info ] [ PARAM ] array (
  '/admin/userle/index_html' => '',
)
[ info ] [ RUN ] app\admin\controller\Userle->index[ D:\wamp64\www\xiaomi\git\state\application\admin\controller\Userle.php ]
[ info ] [ VIEW ] D:\wamp64\www\xiaomi\git\state\public/../application/admin\view\user\index.html [ array (
) ]
[ info ] [ LOG ] INIT File
---------------------------------------------------------------
[ 2020-09-09T11:22:59+08:00 ] 127.0.0.1 POST www.xiaomi.com/admin/userle/index/userle/index
[运行时间：0.021869s] [吞吐率：45.73req/s] [内存消耗：530.23kb] [文件加载：53]
[ info ] [ LANG ] D:\wamp64\www\xiaomi\git\state\thinkphp\lang\zh-cn.php
[ info ] [ ROUTE ] array (
  'type' => 'module',
  'module' => 
  array (
    0 => 'admin',
    1 => 'userle',
    2 => 'index',
  ),
)
[ info ] [ HEADER ] array (
  'host' => 'www.xiaomi.com',
  'connection' => 'keep-alive',
  'content-length' => '6',
  'accept' => '*/*',
  'x-requested-with' => 'XMLHttpRequest',
  'user-agent' => 'Mozilla/5.0 (Windows NT 10.0; WOW64) AppleWebKit/537.36 (KHTML, like Gecko) Chrome/84.0.4147.89 Safari/537.36',
  'content-type' => 'application/x-www-form-urlencoded; charset=UTF-8',
  'origin' => 'http://www.xiaomi.com',
  'referer' => 'http://www.xiaomi.com/admin/userle/index.html',
  'accept-encoding' => 'gzip, deflate',
  'accept-language' => 'zh-CN,zh;q=0.9',
  'cookie' => 'PHPSESSID=oki703qji11mkbppomeueotf74; uLocale=zh_CN; cUserId=LqNN9yWgb9JFrZ5WQMZFYMTpZxI',
)
[ info ] [ PARAM ] array (
  '/admin/userle/index/userle/index' => '',
  'user' => 't',
  'userle' => 'index',
)
[ info ] [ RUN ] app\admin\controller\Userle->index[ D:\wamp64\www\xiaomi\git\state\application\admin\controller\Userle.php ]
[ info ] [ DB ] INIT mysql
[ info ] [ LOG ] INIT File
[ sql ] [ DB ] CONNECT:[ UseTime:0.001000s ] mysql:host=127.0.0.1;dbname=backstagelibrary;charset=utf8
[ sql ] [ SQL ] SHOW COLUMNS FROM `brary_note` [ RunTime:0.009680s ]
[ sql ] [ SQL ] SELECT * FROM `brary_note` WHERE  `username` LIKE '%t%' LIMIT 0,10 [ RunTime:0.000727s ]
[ sql ] [ SQL ] SELECT * FROM `brary_note` WHERE  `username` LIKE '%t%' [ RunTime:0.000711s ]
---------------------------------------------------------------
[ 2020-09-09T11:23:03+08:00 ] 127.0.0.1 GET www.xiaomi.com/admin/userle/xiangqing
[运行时间：0.008808s] [吞吐率：113.53req/s] [内存消耗：260.09kb] [文件加载：45]
[ info ] [ LANG ] D:\wamp64\www\xiaomi\git\state\thinkphp\lang\zh-cn.php
[ info ] [ ROUTE ] array (
  'type' => 'module',
  'module' => 
  array (
    0 => 'admin',
    1 => 'userle',
    2 => 'xiangqing',
  ),
)
[ info ] [ HEADER ] array (
  'host' => 'www.xiaomi.com',
  'connection' => 'keep-alive',
  'upgrade-insecure-requests' => '1',
  'user-agent' => 'Mozilla/5.0 (Windows NT 10.0; WOW64) AppleWebKit/537.36 (KHTML, like Gecko) Chrome/84.0.4147.89 Safari/537.36',
  'accept' => 'text/html,application/xhtml+xml,application/xml;q=0.9,image/webp,image/apng,*/*;q=0.8,application/signed-exchange;v=b3;q=0.9',
  'referer' => 'http://www.xiaomi.com/admin/userle/index.html',
  'accept-encoding' => 'gzip, deflate',
  'accept-language' => 'zh-CN,zh;q=0.9',
  'cookie' => 'PHPSESSID=oki703qji11mkbppomeueotf74; uLocale=zh_CN; cUserId=LqNN9yWgb9JFrZ5WQMZFYMTpZxI',
)
[ info ] [ PARAM ] array (
  '/admin/userle/xiangqing' => '',
)
[ info ] [ RUN ] app\admin\controller\Userle->xiangqing[ D:\wamp64\www\xiaomi\git\state\application\admin\controller\Userle.php ]
[ info ] [ VIEW ] D:\wamp64\www\xiaomi\git\state\public/../application/admin\view\user\xiangqing.html [ array (
) ]
[ info ] [ LOG ] INIT File
---------------------------------------------------------------
[ 2020-09-09T11:23:03+08:00 ] 127.0.0.1 GET www.xiaomi.com/static/admin/img/userPICS.png
[运行时间：0.009040s] [吞吐率：110.62req/s] [内存消耗：154.47kb] [文件加载：35]
[ info ] [ LANG ] D:\wamp64\www\xiaomi\git\state\thinkphp\lang\zh-cn.php
[ info ] [ ROUTE ] array (
  'type' => 'module',
  'module' => 
  array (
    0 => 'static',
    1 => 'admin',
    2 => 'img',
  ),
)
[ info ] [ HEADER ] array (
  'host' => 'www.xiaomi.com',
  'connection' => 'keep-alive',
  'user-agent' => 'Mozilla/5.0 (Windows NT 10.0; WOW64) AppleWebKit/537.36 (KHTML, like Gecko) Chrome/84.0.4147.89 Safari/537.36',
  'accept' => 'image/webp,image/apng,image/*,*/*;q=0.8',
  'referer' => 'http://www.xiaomi.com/admin/userle/xiangqing',
  'accept-encoding' => 'gzip, deflate',
  'accept-language' => 'zh-CN,zh;q=0.9',
  'cookie' => 'PHPSESSID=oki703qji11mkbppomeueotf74; uLocale=zh_CN; cUserId=LqNN9yWgb9JFrZ5WQMZFYMTpZxI',
)
[ info ] [ PARAM ] array (
  '/static/admin/img/userPICS_png' => '',
)
[ info ] [ LOG ] INIT File
---------------------------------------------------------------
[ 2020-09-09T11:24:00+08:00 ] 127.0.0.1 GET www.xiaomi.com/admin/userle/index.html
[运行时间：0.008150s] [吞吐率：122.70req/s] [内存消耗：247.96kb] [文件加载：43]
[ info ] [ LANG ] D:\wamp64\www\xiaomi\git\state\thinkphp\lang\zh-cn.php
[ info ] [ ROUTE ] array (
  'type' => 'module',
  'module' => 
  array (
    0 => 'admin',
    1 => 'userle',
    2 => 'index',
  ),
)
[ info ] [ HEADER ] array (
  'host' => 'www.xiaomi.com',
  'connection' => 'keep-alive',
  'upgrade-insecure-requests' => '1',
  'user-agent' => 'Mozilla/5.0 (Windows NT 10.0; WOW64) AppleWebKit/537.36 (KHTML, like Gecko) Chrome/84.0.4147.89 Safari/537.36',
  'accept' => 'text/html,application/xhtml+xml,application/xml;q=0.9,image/webp,image/apng,*/*;q=0.8,application/signed-exchange;v=b3;q=0.9',
  'referer' => 'http://www.xiaomi.com/admin/index/index.html',
  'accept-encoding' => 'gzip, deflate',
  'accept-language' => 'zh-CN,zh;q=0.9',
  'cookie' => 'PHPSESSID=oki703qji11mkbppomeueotf74; uLocale=zh_CN; cUserId=LqNN9yWgb9JFrZ5WQMZFYMTpZxI',
)
[ info ] [ PARAM ] array (
  '/admin/userle/index_html' => '',
)
[ info ] [ RUN ] app\admin\controller\Userle->index[ D:\wamp64\www\xiaomi\git\state\application\admin\controller\Userle.php ]
[ info ] [ VIEW ] D:\wamp64\www\xiaomi\git\state\public/../application/admin\view\user\index.html [ array (
) ]
[ info ] [ LOG ] INIT File
---------------------------------------------------------------
[ 2020-09-09T11:24:05+08:00 ] 127.0.0.1 POST www.xiaomi.com/admin/userle/index/userle/index
[运行时间：0.016889s] [吞吐率：59.21req/s] [内存消耗：530.23kb] [文件加载：53]
[ info ] [ LANG ] D:\wamp64\www\xiaomi\git\state\thinkphp\lang\zh-cn.php
[ info ] [ ROUTE ] array (
  'type' => 'module',
  'module' => 
  array (
    0 => 'admin',
    1 => 'userle',
    2 => 'index',
  ),
)
[ info ] [ HEADER ] array (
  'host' => 'www.xiaomi.com',
  'connection' => 'keep-alive',
  'content-length' => '6',
  'accept' => '*/*',
  'x-requested-with' => 'XMLHttpRequest',
  'user-agent' => 'Mozilla/5.0 (Windows NT 10.0; WOW64) AppleWebKit/537.36 (KHTML, like Gecko) Chrome/84.0.4147.89 Safari/537.36',
  'content-type' => 'application/x-www-form-urlencoded; charset=UTF-8',
  'origin' => 'http://www.xiaomi.com',
  'referer' => 'http://www.xiaomi.com/admin/userle/index.html',
  'accept-encoding' => 'gzip, deflate',
  'accept-language' => 'zh-CN,zh;q=0.9',
  'cookie' => 'PHPSESSID=oki703qji11mkbppomeueotf74; uLocale=zh_CN; cUserId=LqNN9yWgb9JFrZ5WQMZFYMTpZxI',
)
[ info ] [ PARAM ] array (
  '/admin/userle/index/userle/index' => '',
  'user' => 't',
  'userle' => 'index',
)
[ info ] [ RUN ] app\admin\controller\Userle->index[ D:\wamp64\www\xiaomi\git\state\application\admin\controller\Userle.php ]
[ info ] [ DB ] INIT mysql
[ info ] [ LOG ] INIT File
[ sql ] [ DB ] CONNECT:[ UseTime:0.000773s ] mysql:host=127.0.0.1;dbname=backstagelibrary;charset=utf8
[ sql ] [ SQL ] SHOW COLUMNS FROM `brary_note` [ RunTime:0.006707s ]
[ sql ] [ SQL ] SELECT * FROM `brary_note` WHERE  `username` LIKE '%t%' LIMIT 0,10 [ RunTime:0.000569s ]
[ sql ] [ SQL ] SELECT * FROM `brary_note` WHERE  `username` LIKE '%t%' [ RunTime:0.000535s ]
---------------------------------------------------------------
[ 2020-09-09T11:24:07+08:00 ] 127.0.0.1 GET www.xiaomi.com/admin/userle/xiangqing
[运行时间：0.009248s] [吞吐率：108.13req/s] [内存消耗：247.97kb] [文件加载：43]
[ info ] [ LANG ] D:\wamp64\www\xiaomi\git\state\thinkphp\lang\zh-cn.php
[ info ] [ ROUTE ] array (
  'type' => 'module',
  'module' => 
  array (
    0 => 'admin',
    1 => 'userle',
    2 => 'xiangqing',
  ),
)
[ info ] [ HEADER ] array (
  'host' => 'www.xiaomi.com',
  'connection' => 'keep-alive',
  'upgrade-insecure-requests' => '1',
  'user-agent' => 'Mozilla/5.0 (Windows NT 10.0; WOW64) AppleWebKit/537.36 (KHTML, like Gecko) Chrome/84.0.4147.89 Safari/537.36',
  'accept' => 'text/html,application/xhtml+xml,application/xml;q=0.9,image/webp,image/apng,*/*;q=0.8,application/signed-exchange;v=b3;q=0.9',
  'referer' => 'http://www.xiaomi.com/admin/userle/index.html',
  'accept-encoding' => 'gzip, deflate',
  'accept-language' => 'zh-CN,zh;q=0.9',
  'cookie' => 'PHPSESSID=oki703qji11mkbppomeueotf74; uLocale=zh_CN; cUserId=LqNN9yWgb9JFrZ5WQMZFYMTpZxI',
)
[ info ] [ PARAM ] array (
  '/admin/userle/xiangqing' => '',
)
[ info ] [ RUN ] app\admin\controller\Userle->xiangqing[ D:\wamp64\www\xiaomi\git\state\application\admin\controller\Userle.php ]
[ info ] [ VIEW ] D:\wamp64\www\xiaomi\git\state\public/../application/admin\view\user\xiangqing.html [ array (
) ]
[ info ] [ LOG ] INIT File
---------------------------------------------------------------
[ 2020-09-09T11:24:08+08:00 ] 127.0.0.1 GET www.xiaomi.com/static/admin/img/userPICS.png
[运行时间：0.009303s] [吞吐率：107.49req/s] [内存消耗：154.47kb] [文件加载：35]
[ info ] [ LANG ] D:\wamp64\www\xiaomi\git\state\thinkphp\lang\zh-cn.php
[ info ] [ ROUTE ] array (
  'type' => 'module',
  'module' => 
  array (
    0 => 'static',
    1 => 'admin',
    2 => 'img',
  ),
)
[ info ] [ HEADER ] array (
  'host' => 'www.xiaomi.com',
  'connection' => 'keep-alive',
  'user-agent' => 'Mozilla/5.0 (Windows NT 10.0; WOW64) AppleWebKit/537.36 (KHTML, like Gecko) Chrome/84.0.4147.89 Safari/537.36',
  'accept' => 'image/webp,image/apng,image/*,*/*;q=0.8',
  'referer' => 'http://www.xiaomi.com/admin/userle/xiangqing',
  'accept-encoding' => 'gzip, deflate',
  'accept-language' => 'zh-CN,zh;q=0.9',
  'cookie' => 'PHPSESSID=oki703qji11mkbppomeueotf74; uLocale=zh_CN; cUserId=LqNN9yWgb9JFrZ5WQMZFYMTpZxI',
)
[ info ] [ PARAM ] array (
  '/static/admin/img/userPICS_png' => '',
)
[ info ] [ LOG ] INIT File
---------------------------------------------------------------
[ 2020-09-09T11:24:29+08:00 ] 127.0.0.1 GET www.xiaomi.com/admin/userle/index.html
[运行时间：0.008284s] [吞吐率：120.71req/s] [内存消耗：247.54kb] [文件加载：43]
[ info ] [ LANG ] D:\wamp64\www\xiaomi\git\state\thinkphp\lang\zh-cn.php
[ info ] [ ROUTE ] array (
  'type' => 'module',
  'module' => 
  array (
    0 => 'admin',
    1 => 'userle',
    2 => 'index',
  ),
)
[ info ] [ HEADER ] array (
  'host' => 'www.xiaomi.com',
  'connection' => 'keep-alive',
  'upgrade-insecure-requests' => '1',
  'user-agent' => 'Mozilla/5.0 (Windows NT 10.0; WOW64) AppleWebKit/537.36 (KHTML, like Gecko) Chrome/84.0.4147.89 Safari/537.36',
  'accept' => 'text/html,application/xhtml+xml,application/xml;q=0.9,image/webp,image/apng,*/*;q=0.8,application/signed-exchange;v=b3;q=0.9',
  'referer' => 'http://www.xiaomi.com/admin/index/index.html',
  'accept-encoding' => 'gzip, deflate',
  'accept-language' => 'zh-CN,zh;q=0.9',
  'cookie' => 'PHPSESSID=oki703qji11mkbppomeueotf74; uLocale=zh_CN; cUserId=LqNN9yWgb9JFrZ5WQMZFYMTpZxI',
)
[ info ] [ PARAM ] array (
  '/admin/userle/index_html' => '',
)
[ info ] [ RUN ] app\admin\controller\Userle->index[ D:\wamp64\www\xiaomi\git\state\application\admin\controller\Userle.php ]
[ info ] [ VIEW ] D:\wamp64\www\xiaomi\git\state\public/../application/admin\view\user\index.html [ array (
) ]
[ info ] [ LOG ] INIT File
---------------------------------------------------------------
[ 2020-09-09T11:24:31+08:00 ] 127.0.0.1 POST www.xiaomi.com/admin/userle/index/userle/index
[运行时间：0.016084s] [吞吐率：62.17req/s] [内存消耗：530.23kb] [文件加载：53]
[ info ] [ LANG ] D:\wamp64\www\xiaomi\git\state\thinkphp\lang\zh-cn.php
[ info ] [ ROUTE ] array (
  'type' => 'module',
  'module' => 
  array (
    0 => 'admin',
    1 => 'userle',
    2 => 'index',
  ),
)
[ info ] [ HEADER ] array (
  'host' => 'www.xiaomi.com',
  'connection' => 'keep-alive',
  'content-length' => '6',
  'accept' => '*/*',
  'x-requested-with' => 'XMLHttpRequest',
  'user-agent' => 'Mozilla/5.0 (Windows NT 10.0; WOW64) AppleWebKit/537.36 (KHTML, like Gecko) Chrome/84.0.4147.89 Safari/537.36',
  'content-type' => 'application/x-www-form-urlencoded; charset=UTF-8',
  'origin' => 'http://www.xiaomi.com',
  'referer' => 'http://www.xiaomi.com/admin/userle/index.html',
  'accept-encoding' => 'gzip, deflate',
  'accept-language' => 'zh-CN,zh;q=0.9',
  'cookie' => 'PHPSESSID=oki703qji11mkbppomeueotf74; uLocale=zh_CN; cUserId=LqNN9yWgb9JFrZ5WQMZFYMTpZxI',
)
[ info ] [ PARAM ] array (
  '/admin/userle/index/userle/index' => '',
  'user' => 't',
  'userle' => 'index',
)
[ info ] [ RUN ] app\admin\controller\Userle->index[ D:\wamp64\www\xiaomi\git\state\application\admin\controller\Userle.php ]
[ info ] [ DB ] INIT mysql
[ info ] [ LOG ] INIT File
[ sql ] [ DB ] CONNECT:[ UseTime:0.000855s ] mysql:host=127.0.0.1;dbname=backstagelibrary;charset=utf8
[ sql ] [ SQL ] SHOW COLUMNS FROM `brary_note` [ RunTime:0.007444s ]
[ sql ] [ SQL ] SELECT * FROM `brary_note` WHERE  `username` LIKE '%t%' LIMIT 0,10 [ RunTime:0.000510s ]
[ sql ] [ SQL ] SELECT * FROM `brary_note` WHERE  `username` LIKE '%t%' [ RunTime:0.000466s ]
---------------------------------------------------------------
[ 2020-09-09T11:24:33+08:00 ] 127.0.0.1 GET www.xiaomi.com/admin/userle/xiangqing
[运行时间：0.007961s] [吞吐率：125.61req/s] [内存消耗：253.34kb] [文件加载：45]
[ info ] [ LANG ] D:\wamp64\www\xiaomi\git\state\thinkphp\lang\zh-cn.php
[ info ] [ ROUTE ] array (
  'type' => 'module',
  'module' => 
  array (
    0 => 'admin',
    1 => 'userle',
    2 => 'xiangqing',
  ),
)
[ info ] [ HEADER ] array (
  'host' => 'www.xiaomi.com',
  'connection' => 'keep-alive',
  'upgrade-insecure-requests' => '1',
  'user-agent' => 'Mozilla/5.0 (Windows NT 10.0; WOW64) AppleWebKit/537.36 (KHTML, like Gecko) Chrome/84.0.4147.89 Safari/537.36',
  'accept' => 'text/html,application/xhtml+xml,application/xml;q=0.9,image/webp,image/apng,*/*;q=0.8,application/signed-exchange;v=b3;q=0.9',
  'referer' => 'http://www.xiaomi.com/admin/userle/index.html',
  'accept-encoding' => 'gzip, deflate',
  'accept-language' => 'zh-CN,zh;q=0.9',
  'cookie' => 'PHPSESSID=oki703qji11mkbppomeueotf74; uLocale=zh_CN; cUserId=LqNN9yWgb9JFrZ5WQMZFYMTpZxI',
)
[ info ] [ PARAM ] array (
  '/admin/userle/xiangqing' => '',
)
[ info ] [ RUN ] app\admin\controller\Userle->xiangqing[ D:\wamp64\www\xiaomi\git\state\application\admin\controller\Userle.php ]
[ info ] [ VIEW ] D:\wamp64\www\xiaomi\git\state\public/../application/admin\view\user\xiangqing.html [ array (
) ]
[ info ] [ LOG ] INIT File
---------------------------------------------------------------
[ 2020-09-09T11:25:03+08:00 ] 127.0.0.1 GET www.xiaomi.com/admin/index/index.html
[运行时间：0.043397s] [吞吐率：23.04req/s] [内存消耗：537.18kb] [文件加载：56]
[ info ] [ LANG ] D:\wamp64\www\xiaomi\git\state\thinkphp\lang\zh-cn.php
[ info ] [ ROUTE ] array (
  'type' => 'module',
  'module' => 
  array (
    0 => 'admin',
    1 => 'index',
    2 => 'index',
  ),
)
[ info ] [ HEADER ] array (
  'host' => 'www.xiaomi.com',
  'connection' => 'keep-alive',
  'cache-control' => 'max-age=0',
  'upgrade-insecure-requests' => '1',
  'user-agent' => 'Mozilla/5.0 (Windows NT 10.0; WOW64) AppleWebKit/537.36 (KHTML, like Gecko) Chrome/84.0.4147.89 Safari/537.36',
  'accept' => 'text/html,application/xhtml+xml,application/xml;q=0.9,image/webp,image/apng,*/*;q=0.8,application/signed-exchange;v=b3;q=0.9',
  'accept-encoding' => 'gzip, deflate',
  'accept-language' => 'zh-CN,zh;q=0.9',
  'cookie' => 'PHPSESSID=oki703qji11mkbppomeueotf74; uLocale=zh_CN; cUserId=LqNN9yWgb9JFrZ5WQMZFYMTpZxI',
)
[ info ] [ PARAM ] array (
  '/admin/index/index_html' => '',
)
[ info ] [ SESSION ] INIT array (
  'id' => '',
  'var_session_id' => '',
  'prefix' => 'think',
  'type' => '',
  'auto_start' => true,
)
[ info ] [ DB ] INIT mysql
[ info ] [ RUN ] app\admin\controller\Index->index[ D:\wamp64\www\xiaomi\git\state\application\admin\controller\Index.php ]
[ info ] [ VIEW ] D:\wamp64\www\xiaomi\git\state\public/../application/admin\view\.\index.html [ array (
  0 => 'username',
  1 => 'menu',
  2 => 'rolename',
) ]
[ info ] [ LOG ] INIT File
[ sql ] [ DB ] CONNECT:[ UseTime:0.000832s ] mysql:host=127.0.0.1;dbname=backstagelibrary;charset=utf8
[ sql ] [ SQL ] SHOW COLUMNS FROM `brary_node` [ RunTime:0.011450s ]
[ sql ] [ SQL ] SELECT * FROM `brary_node` WHERE  (  is_menu=2 ) [ RunTime:0.000582s ]
---------------------------------------------------------------
[ 2020-09-09T11:25:04+08:00 ] 127.0.0.1 GET www.xiaomi.com/admin/index/indexpage.html
[运行时间：0.022686s] [吞吐率：44.08req/s] [内存消耗：537.41kb] [文件加载：56]
[ info ] [ LANG ] D:\wamp64\www\xiaomi\git\state\thinkphp\lang\zh-cn.php
[ info ] [ ROUTE ] array (
  'type' => 'module',
  'module' => 
  array (
    0 => 'admin',
    1 => 'index',
    2 => 'indexpage',
  ),
)
[ info ] [ HEADER ] array (
  'host' => 'www.xiaomi.com',
  'connection' => 'keep-alive',
  'upgrade-insecure-requests' => '1',
  'user-agent' => 'Mozilla/5.0 (Windows NT 10.0; WOW64) AppleWebKit/537.36 (KHTML, like Gecko) Chrome/84.0.4147.89 Safari/537.36',
  'accept' => 'text/html,application/xhtml+xml,application/xml;q=0.9,image/webp,image/apng,*/*;q=0.8,application/signed-exchange;v=b3;q=0.9',
  'referer' => 'http://www.xiaomi.com/admin/index/index.html',
  'accept-encoding' => 'gzip, deflate',
  'accept-language' => 'zh-CN,zh;q=0.9',
  'cookie' => 'PHPSESSID=oki703qji11mkbppomeueotf74; uLocale=zh_CN; cUserId=LqNN9yWgb9JFrZ5WQMZFYMTpZxI',
)
[ info ] [ PARAM ] array (
  '/admin/index/indexpage_html' => '',
)
[ info ] [ SESSION ] INIT array (
  'id' => '',
  'var_session_id' => '',
  'prefix' => 'think',
  'type' => '',
  'auto_start' => true,
)
[ info ] [ DB ] INIT mysql
[ info ] [ RUN ] app\admin\controller\Index->indexPage[ D:\wamp64\www\xiaomi\git\state\application\admin\controller\Index.php ]
[ info ] [ VIEW ] D:\wamp64\www\xiaomi\git\state\public/../application/admin\view\.\index\index.html [ array (
  0 => 'username',
  1 => 'menu',
  2 => 'rolename',
) ]
[ info ] [ LOG ] INIT File
[ sql ] [ DB ] CONNECT:[ UseTime:0.000633s ] mysql:host=127.0.0.1;dbname=backstagelibrary;charset=utf8
[ sql ] [ SQL ] SHOW COLUMNS FROM `brary_node` [ RunTime:0.007821s ]
[ sql ] [ SQL ] SELECT * FROM `brary_node` WHERE  (  is_menu=2 ) [ RunTime:0.000618s ]
---------------------------------------------------------------
[ 2020-09-09T11:25:05+08:00 ] 127.0.0.1 GET www.xiaomi.com/admin/userle/index.html
[运行时间：0.010091s] [吞吐率：99.10req/s] [内存消耗：247.54kb] [文件加载：43]
[ info ] [ LANG ] D:\wamp64\www\xiaomi\git\state\thinkphp\lang\zh-cn.php
[ info ] [ ROUTE ] array (
  'type' => 'module',
  'module' => 
  array (
    0 => 'admin',
    1 => 'userle',
    2 => 'index',
  ),
)
[ info ] [ HEADER ] array (
  'host' => 'www.xiaomi.com',
  'connection' => 'keep-alive',
  'upgrade-insecure-requests' => '1',
  'user-agent' => 'Mozilla/5.0 (Windows NT 10.0; WOW64) AppleWebKit/537.36 (KHTML, like Gecko) Chrome/84.0.4147.89 Safari/537.36',
  'accept' => 'text/html,application/xhtml+xml,application/xml;q=0.9,image/webp,image/apng,*/*;q=0.8,application/signed-exchange;v=b3;q=0.9',
  'referer' => 'http://www.xiaomi.com/admin/index/index.html',
  'accept-encoding' => 'gzip, deflate',
  'accept-language' => 'zh-CN,zh;q=0.9',
  'cookie' => 'PHPSESSID=oki703qji11mkbppomeueotf74; uLocale=zh_CN; cUserId=LqNN9yWgb9JFrZ5WQMZFYMTpZxI',
)
[ info ] [ PARAM ] array (
  '/admin/userle/index_html' => '',
)
[ info ] [ RUN ] app\admin\controller\Userle->index[ D:\wamp64\www\xiaomi\git\state\application\admin\controller\Userle.php ]
[ info ] [ VIEW ] D:\wamp64\www\xiaomi\git\state\public/../application/admin\view\user\index.html [ array (
) ]
[ info ] [ LOG ] INIT File
---------------------------------------------------------------
[ 2020-09-09T11:25:08+08:00 ] 127.0.0.1 POST www.xiaomi.com/admin/userle/index/userle/index
[运行时间：0.021984s] [吞吐率：45.49req/s] [内存消耗：530.23kb] [文件加载：53]
[ info ] [ LANG ] D:\wamp64\www\xiaomi\git\state\thinkphp\lang\zh-cn.php
[ info ] [ ROUTE ] array (
  'type' => 'module',
  'module' => 
  array (
    0 => 'admin',
    1 => 'userle',
    2 => 'index',
  ),
)
[ info ] [ HEADER ] array (
  'host' => 'www.xiaomi.com',
  'connection' => 'keep-alive',
  'content-length' => '6',
  'accept' => '*/*',
  'x-requested-with' => 'XMLHttpRequest',
  'user-agent' => 'Mozilla/5.0 (Windows NT 10.0; WOW64) AppleWebKit/537.36 (KHTML, like Gecko) Chrome/84.0.4147.89 Safari/537.36',
  'content-type' => 'application/x-www-form-urlencoded; charset=UTF-8',
  'origin' => 'http://www.xiaomi.com',
  'referer' => 'http://www.xiaomi.com/admin/userle/index.html',
  'accept-encoding' => 'gzip, deflate',
  'accept-language' => 'zh-CN,zh;q=0.9',
  'cookie' => 'PHPSESSID=oki703qji11mkbppomeueotf74; uLocale=zh_CN; cUserId=LqNN9yWgb9JFrZ5WQMZFYMTpZxI',
)
[ info ] [ PARAM ] array (
  '/admin/userle/index/userle/index' => '',
  'user' => 't',
  'userle' => 'index',
)
[ info ] [ RUN ] app\admin\controller\Userle->index[ D:\wamp64\www\xiaomi\git\state\application\admin\controller\Userle.php ]
[ info ] [ DB ] INIT mysql
[ info ] [ LOG ] INIT File
[ sql ] [ DB ] CONNECT:[ UseTime:0.000970s ] mysql:host=127.0.0.1;dbname=backstagelibrary;charset=utf8
[ sql ] [ SQL ] SHOW COLUMNS FROM `brary_note` [ RunTime:0.008949s ]
[ sql ] [ SQL ] SELECT * FROM `brary_note` WHERE  `username` LIKE '%t%' LIMIT 0,10 [ RunTime:0.000898s ]
[ sql ] [ SQL ] SELECT * FROM `brary_note` WHERE  `username` LIKE '%t%' [ RunTime:0.000659s ]
---------------------------------------------------------------
[ 2020-09-09T11:25:09+08:00 ] 127.0.0.1 GET www.xiaomi.com/admin/userle/xiangqing
[运行时间：0.010996s] [吞吐率：90.94req/s] [内存消耗：253.34kb] [文件加载：45]
[ info ] [ LANG ] D:\wamp64\www\xiaomi\git\state\thinkphp\lang\zh-cn.php
[ info ] [ ROUTE ] array (
  'type' => 'module',
  'module' => 
  array (
    0 => 'admin',
    1 => 'userle',
    2 => 'xiangqing',
  ),
)
[ info ] [ HEADER ] array (
  'host' => 'www.xiaomi.com',
  'connection' => 'keep-alive',
  'upgrade-insecure-requests' => '1',
  'user-agent' => 'Mozilla/5.0 (Windows NT 10.0; WOW64) AppleWebKit/537.36 (KHTML, like Gecko) Chrome/84.0.4147.89 Safari/537.36',
  'accept' => 'text/html,application/xhtml+xml,application/xml;q=0.9,image/webp,image/apng,*/*;q=0.8,application/signed-exchange;v=b3;q=0.9',
  'referer' => 'http://www.xiaomi.com/admin/userle/index.html',
  'accept-encoding' => 'gzip, deflate',
  'accept-language' => 'zh-CN,zh;q=0.9',
  'cookie' => 'PHPSESSID=oki703qji11mkbppomeueotf74; uLocale=zh_CN; cUserId=LqNN9yWgb9JFrZ5WQMZFYMTpZxI',
)
[ info ] [ PARAM ] array (
  '/admin/userle/xiangqing' => '',
)
[ info ] [ RUN ] app\admin\controller\Userle->xiangqing[ D:\wamp64\www\xiaomi\git\state\application\admin\controller\Userle.php ]
[ info ] [ VIEW ] D:\wamp64\www\xiaomi\git\state\public/../application/admin\view\user\xiangqing.html [ array (
) ]
[ info ] [ LOG ] INIT File
---------------------------------------------------------------
[ 2020-09-09T11:25:10+08:00 ] 127.0.0.1 GET www.xiaomi.com/admin/userle/index
[运行时间：0.004698s] [吞吐率：212.85req/s] [内存消耗：247.48kb] [文件加载：43]
[ info ] [ LANG ] D:\wamp64\www\xiaomi\git\state\thinkphp\lang\zh-cn.php
[ info ] [ ROUTE ] array (
  'type' => 'module',
  'module' => 
  array (
    0 => 'admin',
    1 => 'userle',
    2 => 'index',
  ),
)
[ info ] [ HEADER ] array (
  'host' => 'www.xiaomi.com',
  'connection' => 'keep-alive',
  'upgrade-insecure-requests' => '1',
  'user-agent' => 'Mozilla/5.0 (Windows NT 10.0; WOW64) AppleWebKit/537.36 (KHTML, like Gecko) Chrome/84.0.4147.89 Safari/537.36',
  'accept' => 'text/html,application/xhtml+xml,application/xml;q=0.9,image/webp,image/apng,*/*;q=0.8,application/signed-exchange;v=b3;q=0.9',
  'referer' => 'http://www.xiaomi.com/admin/userle/xiangqing',
  'accept-encoding' => 'gzip, deflate',
  'accept-language' => 'zh-CN,zh;q=0.9',
  'cookie' => 'PHPSESSID=oki703qji11mkbppomeueotf74; uLocale=zh_CN; cUserId=LqNN9yWgb9JFrZ5WQMZFYMTpZxI',
)
[ info ] [ PARAM ] array (
  '/admin/userle/index' => '',
)
[ info ] [ RUN ] app\admin\controller\Userle->index[ D:\wamp64\www\xiaomi\git\state\application\admin\controller\Userle.php ]
[ info ] [ VIEW ] D:\wamp64\www\xiaomi\git\state\public/../application/admin\view\user\index.html [ array (
) ]
[ info ] [ LOG ] INIT File
---------------------------------------------------------------
[ 2020-09-09T11:25:14+08:00 ] 127.0.0.1 POST www.xiaomi.com/admin/userle/index/userle/index
[运行时间：0.016792s] [吞吐率：59.55req/s] [内存消耗：530.23kb] [文件加载：53]
[ info ] [ LANG ] D:\wamp64\www\xiaomi\git\state\thinkphp\lang\zh-cn.php
[ info ] [ ROUTE ] array (
  'type' => 'module',
  'module' => 
  array (
    0 => 'admin',
    1 => 'userle',
    2 => 'index',
  ),
)
[ info ] [ HEADER ] array (
  'host' => 'www.xiaomi.com',
  'connection' => 'keep-alive',
  'content-length' => '6',
  'accept' => '*/*',
  'x-requested-with' => 'XMLHttpRequest',
  'user-agent' => 'Mozilla/5.0 (Windows NT 10.0; WOW64) AppleWebKit/537.36 (KHTML, like Gecko) Chrome/84.0.4147.89 Safari/537.36',
  'content-type' => 'application/x-www-form-urlencoded; charset=UTF-8',
  'origin' => 'http://www.xiaomi.com',
  'referer' => 'http://www.xiaomi.com/admin/userle/index',
  'accept-encoding' => 'gzip, deflate',
  'accept-language' => 'zh-CN,zh;q=0.9',
  'cookie' => 'PHPSESSID=oki703qji11mkbppomeueotf74; uLocale=zh_CN; cUserId=LqNN9yWgb9JFrZ5WQMZFYMTpZxI',
)
[ info ] [ PARAM ] array (
  '/admin/userle/index/userle/index' => '',
  'user' => 't',
  'userle' => 'index',
)
[ info ] [ RUN ] app\admin\controller\Userle->index[ D:\wamp64\www\xiaomi\git\state\application\admin\controller\Userle.php ]
[ info ] [ DB ] INIT mysql
[ info ] [ LOG ] INIT File
[ sql ] [ DB ] CONNECT:[ UseTime:0.000732s ] mysql:host=127.0.0.1;dbname=backstagelibrary;charset=utf8
[ sql ] [ SQL ] SHOW COLUMNS FROM `brary_note` [ RunTime:0.007409s ]
[ sql ] [ SQL ] SELECT * FROM `brary_note` WHERE  `username` LIKE '%t%' LIMIT 0,10 [ RunTime:0.000612s ]
[ sql ] [ SQL ] SELECT * FROM `brary_note` WHERE  `username` LIKE '%t%' [ RunTime:0.000533s ]
---------------------------------------------------------------
[ 2020-09-09T11:25:24+08:00 ] 127.0.0.1 POST www.xiaomi.com/admin/userle/index/userle/index
[运行时间：0.023503s] [吞吐率：42.55req/s] [内存消耗：530.23kb] [文件加载：53]
[ info ] [ LANG ] D:\wamp64\www\xiaomi\git\state\thinkphp\lang\zh-cn.php
[ info ] [ ROUTE ] array (
  'type' => 'module',
  'module' => 
  array (
    0 => 'admin',
    1 => 'userle',
    2 => 'index',
  ),
)
[ info ] [ HEADER ] array (
  'host' => 'www.xiaomi.com',
  'connection' => 'keep-alive',
  'content-length' => '6',
  'accept' => '*/*',
  'x-requested-with' => 'XMLHttpRequest',
  'user-agent' => 'Mozilla/5.0 (Windows NT 10.0; WOW64) AppleWebKit/537.36 (KHTML, like Gecko) Chrome/84.0.4147.89 Safari/537.36',
  'content-type' => 'application/x-www-form-urlencoded; charset=UTF-8',
  'origin' => 'http://www.xiaomi.com',
  'referer' => 'http://www.xiaomi.com/admin/userle/index',
  'accept-encoding' => 'gzip, deflate',
  'accept-language' => 'zh-CN,zh;q=0.9',
  'cookie' => 'PHPSESSID=oki703qji11mkbppomeueotf74; uLocale=zh_CN; cUserId=LqNN9yWgb9JFrZ5WQMZFYMTpZxI',
)
[ info ] [ PARAM ] array (
  '/admin/userle/index/userle/index' => '',
  'user' => 't',
  'userle' => 'index',
)
[ info ] [ RUN ] app\admin\controller\Userle->index[ D:\wamp64\www\xiaomi\git\state\application\admin\controller\Userle.php ]
[ info ] [ DB ] INIT mysql
[ info ] [ LOG ] INIT File
[ sql ] [ DB ] CONNECT:[ UseTime:0.000992s ] mysql:host=127.0.0.1;dbname=backstagelibrary;charset=utf8
[ sql ] [ SQL ] SHOW COLUMNS FROM `brary_note` [ RunTime:0.007301s ]
[ sql ] [ SQL ] SELECT * FROM `brary_note` WHERE  `username` LIKE '%t%' LIMIT 0,10 [ RunTime:0.000546s ]
[ sql ] [ SQL ] SELECT * FROM `brary_note` WHERE  `username` LIKE '%t%' [ RunTime:0.000539s ]
---------------------------------------------------------------
[ 2020-09-09T11:25:27+08:00 ] 127.0.0.1 GET www.xiaomi.com/admin/userle/xiangqing
[运行时间：0.009809s] [吞吐率：101.95req/s] [内存消耗：247.97kb] [文件加载：43]
[ info ] [ LANG ] D:\wamp64\www\xiaomi\git\state\thinkphp\lang\zh-cn.php
[ info ] [ ROUTE ] array (
  'type' => 'module',
  'module' => 
  array (
    0 => 'admin',
    1 => 'userle',
    2 => 'xiangqing',
  ),
)
[ info ] [ HEADER ] array (
  'host' => 'www.xiaomi.com',
  'connection' => 'keep-alive',
  'upgrade-insecure-requests' => '1',
  'user-agent' => 'Mozilla/5.0 (Windows NT 10.0; WOW64) AppleWebKit/537.36 (KHTML, like Gecko) Chrome/84.0.4147.89 Safari/537.36',
  'accept' => 'text/html,application/xhtml+xml,application/xml;q=0.9,image/webp,image/apng,*/*;q=0.8,application/signed-exchange;v=b3;q=0.9',
  'referer' => 'http://www.xiaomi.com/admin/userle/index',
  'accept-encoding' => 'gzip, deflate',
  'accept-language' => 'zh-CN,zh;q=0.9',
  'cookie' => 'PHPSESSID=oki703qji11mkbppomeueotf74; uLocale=zh_CN; cUserId=LqNN9yWgb9JFrZ5WQMZFYMTpZxI',
)
[ info ] [ PARAM ] array (
  '/admin/userle/xiangqing' => '',
)
[ info ] [ RUN ] app\admin\controller\Userle->xiangqing[ D:\wamp64\www\xiaomi\git\state\application\admin\controller\Userle.php ]
[ info ] [ VIEW ] D:\wamp64\www\xiaomi\git\state\public/../application/admin\view\user\xiangqing.html [ array (
) ]
[ info ] [ LOG ] INIT File
---------------------------------------------------------------
[ 2020-09-09T11:28:39+08:00 ] 127.0.0.1 GET www.xiaomi.com/admin/index/index.html
[运行时间：0.076767s] [吞吐率：13.03req/s] [内存消耗：568.60kb] [文件加载：58]
[ info ] [ LANG ] D:\wamp64\www\xiaomi\git\state\thinkphp\lang\zh-cn.php
[ info ] [ ROUTE ] array (
  'type' => 'module',
  'module' => 
  array (
    0 => 'admin',
    1 => 'index',
    2 => 'index',
  ),
)
[ info ] [ HEADER ] array (
  'host' => 'www.xiaomi.com',
  'connection' => 'keep-alive',
  'cache-control' => 'max-age=0',
  'upgrade-insecure-requests' => '1',
  'user-agent' => 'Mozilla/5.0 (Windows NT 10.0; WOW64) AppleWebKit/537.36 (KHTML, like Gecko) Chrome/84.0.4147.89 Safari/537.36',
  'accept' => 'text/html,application/xhtml+xml,application/xml;q=0.9,image/webp,image/apng,*/*;q=0.8,application/signed-exchange;v=b3;q=0.9',
  'accept-encoding' => 'gzip, deflate',
  'accept-language' => 'zh-CN,zh;q=0.9',
  'cookie' => 'PHPSESSID=oki703qji11mkbppomeueotf74; uLocale=zh_CN; cUserId=LqNN9yWgb9JFrZ5WQMZFYMTpZxI',
)
[ info ] [ PARAM ] array (
  '/admin/index/index_html' => '',
)
[ info ] [ SESSION ] INIT array (
  'id' => '',
  'var_session_id' => '',
  'prefix' => 'think',
  'type' => '',
  'auto_start' => true,
)
[ info ] [ DB ] INIT mysql
[ info ] [ RUN ] app\admin\controller\Index->index[ D:\wamp64\www\xiaomi\git\state\application\admin\controller\Index.php ]
[ info ] [ VIEW ] D:\wamp64\www\xiaomi\git\state\public/../application/admin\view\.\index.html [ array (
  0 => 'username',
  1 => 'menu',
  2 => 'rolename',
) ]
[ info ] [ LOG ] INIT File
[ sql ] [ DB ] CONNECT:[ UseTime:0.004726s ] mysql:host=127.0.0.1;dbname=backstagelibrary;charset=utf8
[ sql ] [ SQL ] SHOW COLUMNS FROM `brary_node` [ RunTime:0.019178s ]
[ sql ] [ SQL ] SELECT * FROM `brary_node` WHERE  (  is_menu=2 ) [ RunTime:0.001201s ]
---------------------------------------------------------------
[ 2020-09-09T11:28:39+08:00 ] 127.0.0.1 GET www.xiaomi.com/admin/index/indexpage.html
[运行时间：0.042923s] [吞吐率：23.30req/s] [内存消耗：537.41kb] [文件加载：56]
[ info ] [ LANG ] D:\wamp64\www\xiaomi\git\state\thinkphp\lang\zh-cn.php
[ info ] [ ROUTE ] array (
  'type' => 'module',
  'module' => 
  array (
    0 => 'admin',
    1 => 'index',
    2 => 'indexpage',
  ),
)
[ info ] [ HEADER ] array (
  'host' => 'www.xiaomi.com',
  'connection' => 'keep-alive',
  'upgrade-insecure-requests' => '1',
  'user-agent' => 'Mozilla/5.0 (Windows NT 10.0; WOW64) AppleWebKit/537.36 (KHTML, like Gecko) Chrome/84.0.4147.89 Safari/537.36',
  'accept' => 'text/html,application/xhtml+xml,application/xml;q=0.9,image/webp,image/apng,*/*;q=0.8,application/signed-exchange;v=b3;q=0.9',
  'referer' => 'http://www.xiaomi.com/admin/index/index.html',
  'accept-encoding' => 'gzip, deflate',
  'accept-language' => 'zh-CN,zh;q=0.9',
  'cookie' => 'PHPSESSID=oki703qji11mkbppomeueotf74; uLocale=zh_CN; cUserId=LqNN9yWgb9JFrZ5WQMZFYMTpZxI',
)
[ info ] [ PARAM ] array (
  '/admin/index/indexpage_html' => '',
)
[ info ] [ SESSION ] INIT array (
  'id' => '',
  'var_session_id' => '',
  'prefix' => 'think',
  'type' => '',
  'auto_start' => true,
)
[ info ] [ DB ] INIT mysql
[ info ] [ RUN ] app\admin\controller\Index->indexPage[ D:\wamp64\www\xiaomi\git\state\application\admin\controller\Index.php ]
[ info ] [ VIEW ] D:\wamp64\www\xiaomi\git\state\public/../application/admin\view\.\index\index.html [ array (
  0 => 'username',
  1 => 'menu',
  2 => 'rolename',
) ]
[ info ] [ LOG ] INIT File
[ sql ] [ DB ] CONNECT:[ UseTime:0.001067s ] mysql:host=127.0.0.1;dbname=backstagelibrary;charset=utf8
[ sql ] [ SQL ] SHOW COLUMNS FROM `brary_node` [ RunTime:0.015851s ]
[ sql ] [ SQL ] SELECT * FROM `brary_node` WHERE  (  is_menu=2 ) [ RunTime:0.000878s ]
---------------------------------------------------------------
[ 2020-09-09T11:28:45+08:00 ] 127.0.0.1 GET www.xiaomi.com/admin/index/index.html
[运行时间：0.054305s] [吞吐率：18.41req/s] [内存消耗：538.29kb] [文件加载：56]
[ info ] [ LANG ] D:\wamp64\www\xiaomi\git\state\thinkphp\lang\zh-cn.php
[ info ] [ ROUTE ] array (
  'type' => 'module',
  'module' => 
  array (
    0 => 'admin',
    1 => 'index',
    2 => 'index',
  ),
)
[ info ] [ HEADER ] array (
  'host' => 'www.xiaomi.com',
  'connection' => 'keep-alive',
  'cache-control' => 'max-age=0',
  'upgrade-insecure-requests' => '1',
  'user-agent' => 'Mozilla/5.0 (Windows NT 10.0; WOW64) AppleWebKit/537.36 (KHTML, like Gecko) Chrome/84.0.4147.89 Safari/537.36',
  'accept' => 'text/html,application/xhtml+xml,application/xml;q=0.9,image/webp,image/apng,*/*;q=0.8,application/signed-exchange;v=b3;q=0.9',
  'accept-encoding' => 'gzip, deflate',
  'accept-language' => 'zh-CN,zh;q=0.9',
  'cookie' => 'PHPSESSID=oki703qji11mkbppomeueotf74; uLocale=zh_CN; cUserId=LqNN9yWgb9JFrZ5WQMZFYMTpZxI',
)
[ info ] [ PARAM ] array (
  '/admin/index/index_html' => '',
)
[ info ] [ SESSION ] INIT array (
  'id' => '',
  'var_session_id' => '',
  'prefix' => 'think',
  'type' => '',
  'auto_start' => true,
)
[ info ] [ DB ] INIT mysql
[ info ] [ RUN ] app\admin\controller\Index->index[ D:\wamp64\www\xiaomi\git\state\application\admin\controller\Index.php ]
[ info ] [ VIEW ] D:\wamp64\www\xiaomi\git\state\public/../application/admin\view\.\index.html [ array (
  0 => 'username',
  1 => 'menu',
  2 => 'rolename',
) ]
[ info ] [ LOG ] INIT File
[ sql ] [ DB ] CONNECT:[ UseTime:0.000913s ] mysql:host=127.0.0.1;dbname=backstagelibrary;charset=utf8
[ sql ] [ SQL ] SHOW COLUMNS FROM `brary_node` [ RunTime:0.014142s ]
[ sql ] [ SQL ] SELECT * FROM `brary_node` WHERE  (  is_menu=2 ) [ RunTime:0.000678s ]
---------------------------------------------------------------
[ 2020-09-09T11:28:45+08:00 ] 127.0.0.1 GET www.xiaomi.com/admin/index/indexpage.html
[运行时间：0.064967s] [吞吐率：15.39req/s] [内存消耗：537.41kb] [文件加载：56]
[ info ] [ LANG ] D:\wamp64\www\xiaomi\git\state\thinkphp\lang\zh-cn.php
[ info ] [ ROUTE ] array (
  'type' => 'module',
  'module' => 
  array (
    0 => 'admin',
    1 => 'index',
    2 => 'indexpage',
  ),
)
[ info ] [ HEADER ] array (
  'host' => 'www.xiaomi.com',
  'connection' => 'keep-alive',
  'upgrade-insecure-requests' => '1',
  'user-agent' => 'Mozilla/5.0 (Windows NT 10.0; WOW64) AppleWebKit/537.36 (KHTML, like Gecko) Chrome/84.0.4147.89 Safari/537.36',
  'accept' => 'text/html,application/xhtml+xml,application/xml;q=0.9,image/webp,image/apng,*/*;q=0.8,application/signed-exchange;v=b3;q=0.9',
  'referer' => 'http://www.xiaomi.com/admin/index/index.html',
  'accept-encoding' => 'gzip, deflate',
  'accept-language' => 'zh-CN,zh;q=0.9',
  'cookie' => 'PHPSESSID=oki703qji11mkbppomeueotf74; uLocale=zh_CN; cUserId=LqNN9yWgb9JFrZ5WQMZFYMTpZxI',
)
[ info ] [ PARAM ] array (
  '/admin/index/indexpage_html' => '',
)
[ info ] [ SESSION ] INIT array (
  'id' => '',
  'var_session_id' => '',
  'prefix' => 'think',
  'type' => '',
  'auto_start' => true,
)
[ info ] [ DB ] INIT mysql
[ info ] [ RUN ] app\admin\controller\Index->indexPage[ D:\wamp64\www\xiaomi\git\state\application\admin\controller\Index.php ]
[ info ] [ VIEW ] D:\wamp64\www\xiaomi\git\state\public/../application/admin\view\.\index\index.html [ array (
  0 => 'username',
  1 => 'menu',
  2 => 'rolename',
) ]
[ info ] [ LOG ] INIT File
[ sql ] [ DB ] CONNECT:[ UseTime:0.001028s ] mysql:host=127.0.0.1;dbname=backstagelibrary;charset=utf8
[ sql ] [ SQL ] SHOW COLUMNS FROM `brary_node` [ RunTime:0.026032s ]
[ sql ] [ SQL ] SELECT * FROM `brary_node` WHERE  (  is_menu=2 ) [ RunTime:0.000777s ]
---------------------------------------------------------------
[ 2020-09-09T11:29:05+08:00 ] 127.0.0.1 GET www.xiaomi.com/admin/index/index.html
[运行时间：0.060178s] [吞吐率：16.62req/s] [内存消耗：568.60kb] [文件加载：58]
[ info ] [ LANG ] D:\wamp64\www\xiaomi\git\state\thinkphp\lang\zh-cn.php
[ info ] [ ROUTE ] array (
  'type' => 'module',
  'module' => 
  array (
    0 => 'admin',
    1 => 'index',
    2 => 'index',
  ),
)
[ info ] [ HEADER ] array (
  'host' => 'www.xiaomi.com',
  'connection' => 'keep-alive',
  'cache-control' => 'max-age=0',
  'upgrade-insecure-requests' => '1',
  'user-agent' => 'Mozilla/5.0 (Windows NT 10.0; WOW64) AppleWebKit/537.36 (KHTML, like Gecko) Chrome/84.0.4147.89 Safari/537.36',
  'accept' => 'text/html,application/xhtml+xml,application/xml;q=0.9,image/webp,image/apng,*/*;q=0.8,application/signed-exchange;v=b3;q=0.9',
  'accept-encoding' => 'gzip, deflate',
  'accept-language' => 'zh-CN,zh;q=0.9',
  'cookie' => 'PHPSESSID=oki703qji11mkbppomeueotf74; uLocale=zh_CN; cUserId=LqNN9yWgb9JFrZ5WQMZFYMTpZxI',
)
[ info ] [ PARAM ] array (
  '/admin/index/index_html' => '',
)
[ info ] [ SESSION ] INIT array (
  'id' => '',
  'var_session_id' => '',
  'prefix' => 'think',
  'type' => '',
  'auto_start' => true,
)
[ info ] [ DB ] INIT mysql
[ info ] [ RUN ] app\admin\controller\Index->index[ D:\wamp64\www\xiaomi\git\state\application\admin\controller\Index.php ]
[ info ] [ VIEW ] D:\wamp64\www\xiaomi\git\state\public/../application/admin\view\.\index.html [ array (
  0 => 'username',
  1 => 'menu',
  2 => 'rolename',
) ]
[ info ] [ LOG ] INIT File
[ sql ] [ DB ] CONNECT:[ UseTime:0.011262s ] mysql:host=127.0.0.1;dbname=backstagelibrary;charset=utf8
[ sql ] [ SQL ] SHOW COLUMNS FROM `brary_node` [ RunTime:0.011881s ]
[ sql ] [ SQL ] SELECT * FROM `brary_node` WHERE  (  is_menu=2 ) [ RunTime:0.000557s ]
---------------------------------------------------------------
[ 2020-09-09T11:29:05+08:00 ] 127.0.0.1 GET www.xiaomi.com/admin/index/indexpage.html
[运行时间：0.036483s] [吞吐率：27.41req/s] [内存消耗：537.41kb] [文件加载：56]
[ info ] [ LANG ] D:\wamp64\www\xiaomi\git\state\thinkphp\lang\zh-cn.php
[ info ] [ ROUTE ] array (
  'type' => 'module',
  'module' => 
  array (
    0 => 'admin',
    1 => 'index',
    2 => 'indexpage',
  ),
)
[ info ] [ HEADER ] array (
  'host' => 'www.xiaomi.com',
  'connection' => 'keep-alive',
  'upgrade-insecure-requests' => '1',
  'user-agent' => 'Mozilla/5.0 (Windows NT 10.0; WOW64) AppleWebKit/537.36 (KHTML, like Gecko) Chrome/84.0.4147.89 Safari/537.36',
  'accept' => 'text/html,application/xhtml+xml,application/xml;q=0.9,image/webp,image/apng,*/*;q=0.8,application/signed-exchange;v=b3;q=0.9',
  'referer' => 'http://www.xiaomi.com/admin/index/index.html',
  'accept-encoding' => 'gzip, deflate',
  'accept-language' => 'zh-CN,zh;q=0.9',
  'cookie' => 'PHPSESSID=oki703qji11mkbppomeueotf74; uLocale=zh_CN; cUserId=LqNN9yWgb9JFrZ5WQMZFYMTpZxI',
)
[ info ] [ PARAM ] array (
  '/admin/index/indexpage_html' => '',
)
[ info ] [ SESSION ] INIT array (
  'id' => '',
  'var_session_id' => '',
  'prefix' => 'think',
  'type' => '',
  'auto_start' => true,
)
[ info ] [ DB ] INIT mysql
[ info ] [ RUN ] app\admin\controller\Index->indexPage[ D:\wamp64\www\xiaomi\git\state\application\admin\controller\Index.php ]
[ info ] [ VIEW ] D:\wamp64\www\xiaomi\git\state\public/../application/admin\view\.\index\index.html [ array (
  0 => 'username',
  1 => 'menu',
  2 => 'rolename',
) ]
[ info ] [ LOG ] INIT File
[ sql ] [ DB ] CONNECT:[ UseTime:0.000689s ] mysql:host=127.0.0.1;dbname=backstagelibrary;charset=utf8
[ sql ] [ SQL ] SHOW COLUMNS FROM `brary_node` [ RunTime:0.012001s ]
[ sql ] [ SQL ] SELECT * FROM `brary_node` WHERE  (  is_menu=2 ) [ RunTime:0.000897s ]
---------------------------------------------------------------
[ 2020-09-09T11:29:08+08:00 ] 127.0.0.1 GET www.xiaomi.com/admin/login/loginout.html
[运行时间：0.021093s] [吞吐率：47.41req/s] [内存消耗：253.06kb] [文件加载：45]
[ info ] [ LANG ] D:\wamp64\www\xiaomi\git\state\thinkphp\lang\zh-cn.php
[ info ] [ ROUTE ] array (
  'type' => 'module',
  'module' => 
  array (
    0 => 'admin',
    1 => 'login',
    2 => 'loginout',
  ),
)
[ info ] [ HEADER ] array (
  'host' => 'www.xiaomi.com',
  'connection' => 'keep-alive',
  'upgrade-insecure-requests' => '1',
  'user-agent' => 'Mozilla/5.0 (Windows NT 10.0; WOW64) AppleWebKit/537.36 (KHTML, like Gecko) Chrome/84.0.4147.89 Safari/537.36',
  'accept' => 'text/html,application/xhtml+xml,application/xml;q=0.9,image/webp,image/apng,*/*;q=0.8,application/signed-exchange;v=b3;q=0.9',
  'referer' => 'http://www.xiaomi.com/admin/index/index.html',
  'accept-encoding' => 'gzip, deflate',
  'accept-language' => 'zh-CN,zh;q=0.9',
  'cookie' => 'PHPSESSID=oki703qji11mkbppomeueotf74; uLocale=zh_CN; cUserId=LqNN9yWgb9JFrZ5WQMZFYMTpZxI',
)
[ info ] [ PARAM ] array (
  '/admin/login/loginout_html' => '',
)
[ info ] [ RUN ] app\admin\controller\Login->loginOut[ D:\wamp64\www\xiaomi\git\state\application\admin\controller\Login.php ]
[ info ] [ SESSION ] INIT array (
  'id' => '',
  'var_session_id' => '',
  'prefix' => 'think',
  'type' => '',
  'auto_start' => true,
)
[ info ] [ LOG ] INIT File
---------------------------------------------------------------
[ 2020-09-09T11:29:08+08:00 ] 127.0.0.1 GET www.xiaomi.com/admin/login/index.html
[运行时间：0.009793s] [吞吐率：102.11req/s] [内存消耗：248.82kb] [文件加载：44]
[ info ] [ LANG ] D:\wamp64\www\xiaomi\git\state\thinkphp\lang\zh-cn.php
[ info ] [ ROUTE ] array (
  'type' => 'module',
  'module' => 
  array (
    0 => 'admin',
    1 => 'login',
    2 => 'index',
  ),
)
[ info ] [ HEADER ] array (
  'host' => 'www.xiaomi.com',
  'connection' => 'keep-alive',
  'upgrade-insecure-requests' => '1',
  'user-agent' => 'Mozilla/5.0 (Windows NT 10.0; WOW64) AppleWebKit/537.36 (KHTML, like Gecko) Chrome/84.0.4147.89 Safari/537.36',
  'accept' => 'text/html,application/xhtml+xml,application/xml;q=0.9,image/webp,image/apng,*/*;q=0.8,application/signed-exchange;v=b3;q=0.9',
  'referer' => 'http://www.xiaomi.com/admin/index/index.html',
  'accept-encoding' => 'gzip, deflate',
  'accept-language' => 'zh-CN,zh;q=0.9',
  'cookie' => 'PHPSESSID=oki703qji11mkbppomeueotf74; uLocale=zh_CN; cUserId=LqNN9yWgb9JFrZ5WQMZFYMTpZxI',
)
[ info ] [ PARAM ] array (
  '/admin/login/index_html' => '',
)
[ info ] [ RUN ] app\admin\controller\Login->index[ D:\wamp64\www\xiaomi\git\state\application\admin\controller\Login.php ]
[ info ] [ VIEW ] D:\wamp64\www\xiaomi\git\state\public/../application/admin\view\login.html [ array (
) ]
[ info ] [ LOG ] INIT File
---------------------------------------------------------------
[ 2020-09-09T11:29:34+08:00 ] 127.0.0.1 GET www.xiaomi.com/admin/login/index.html
[运行时间：0.022572s] [吞吐率：44.30req/s] [内存消耗：261.45kb] [文件加载：46]
[ info ] [ LANG ] D:\wamp64\www\xiaomi\git\state\thinkphp\lang\zh-cn.php
[ info ] [ ROUTE ] array (
  'type' => 'module',
  'module' => 
  array (
    0 => 'admin',
    1 => 'login',
    2 => 'index',
  ),
)
[ info ] [ HEADER ] array (
  'host' => 'www.xiaomi.com',
  'connection' => 'keep-alive',
  'cache-control' => 'max-age=0',
  'upgrade-insecure-requests' => '1',
  'user-agent' => 'Mozilla/5.0 (Windows NT 10.0; WOW64) AppleWebKit/537.36 (KHTML, like Gecko) Chrome/84.0.4147.89 Safari/537.36',
  'accept' => 'text/html,application/xhtml+xml,application/xml;q=0.9,image/webp,image/apng,*/*;q=0.8,application/signed-exchange;v=b3;q=0.9',
  'referer' => 'http://www.xiaomi.com/admin/index/index.html',
  'accept-encoding' => 'gzip, deflate',
  'accept-language' => 'zh-CN,zh;q=0.9',
  'cookie' => 'PHPSESSID=oki703qji11mkbppomeueotf74; uLocale=zh_CN; cUserId=LqNN9yWgb9JFrZ5WQMZFYMTpZxI',
)
[ info ] [ PARAM ] array (
  '/admin/login/index_html' => '',
)
[ info ] [ RUN ] app\admin\controller\Login->index[ D:\wamp64\www\xiaomi\git\state\application\admin\controller\Login.php ]
[ info ] [ VIEW ] D:\wamp64\www\xiaomi\git\state\public/../application/admin\view\login.html [ array (
) ]
[ info ] [ LOG ] INIT File
---------------------------------------------------------------
[ 2020-09-09T11:29:35+08:00 ] 127.0.0.1 GET www.xiaomi.com/admin/login/index.html
[运行时间：0.015434s] [吞吐率：64.79req/s] [内存消耗：249.32kb] [文件加载：44]
[ info ] [ LANG ] D:\wamp64\www\xiaomi\git\state\thinkphp\lang\zh-cn.php
[ info ] [ ROUTE ] array (
  'type' => 'module',
  'module' => 
  array (
    0 => 'admin',
    1 => 'login',
    2 => 'index',
  ),
)
[ info ] [ HEADER ] array (
  'host' => 'www.xiaomi.com',
  'connection' => 'keep-alive',
  'cache-control' => 'max-age=0',
  'upgrade-insecure-requests' => '1',
  'user-agent' => 'Mozilla/5.0 (Windows NT 10.0; WOW64) AppleWebKit/537.36 (KHTML, like Gecko) Chrome/84.0.4147.89 Safari/537.36',
  'accept' => 'text/html,application/xhtml+xml,application/xml;q=0.9,image/webp,image/apng,*/*;q=0.8,application/signed-exchange;v=b3;q=0.9',
  'referer' => 'http://www.xiaomi.com/admin/index/index.html',
  'accept-encoding' => 'gzip, deflate',
  'accept-language' => 'zh-CN,zh;q=0.9',
  'cookie' => 'PHPSESSID=oki703qji11mkbppomeueotf74; uLocale=zh_CN; cUserId=LqNN9yWgb9JFrZ5WQMZFYMTpZxI',
)
[ info ] [ PARAM ] array (
  '/admin/login/index_html' => '',
)
[ info ] [ RUN ] app\admin\controller\Login->index[ D:\wamp64\www\xiaomi\git\state\application\admin\controller\Login.php ]
[ info ] [ VIEW ] D:\wamp64\www\xiaomi\git\state\public/../application/admin\view\login.html [ array (
) ]
[ info ] [ LOG ] INIT File
---------------------------------------------------------------
[ 2020-09-09T15:41:38+08:00 ] 127.0.0.1 GET www.xiaomi.com/index/login/index.html
[运行时间：0.019663s] [吞吐率：50.86req/s] [内存消耗：157.56kb] [文件加载：36]
[ info ] [ LANG ] D:\wamp64\www\xiaomi\git\state\thinkphp\lang\zh-cn.php
[ info ] [ ROUTE ] array (
  'type' => 'module',
  'module' => 
  array (
    0 => 'index',
    1 => 'login',
    2 => 'index',
  ),
)
[ info ] [ HEADER ] array (
  'host' => 'www.xiaomi.com',
  'connection' => 'keep-alive',
  'upgrade-insecure-requests' => '1',
  'user-agent' => 'Mozilla/5.0 (Windows NT 10.0; WOW64) AppleWebKit/537.36 (KHTML, like Gecko) Chrome/84.0.4147.89 Safari/537.36',
  'accept' => 'text/html,application/xhtml+xml,application/xml;q=0.9,image/webp,image/apng,*/*;q=0.8,application/signed-exchange;v=b3;q=0.9',
  'accept-encoding' => 'gzip, deflate',
  'accept-language' => 'zh-CN,zh;q=0.9',
  'cookie' => 'PHPSESSID=oki703qji11mkbppomeueotf74; uLocale=zh_CN; cUserId=LqNN9yWgb9JFrZ5WQMZFYMTpZxI',
)
[ info ] [ PARAM ] array (
  '/index/login/index_html' => '',
)
[ info ] [ LOG ] INIT File
---------------------------------------------------------------
[ 2020-09-09T15:41:44+08:00 ] 127.0.0.1 GET www.xiaomi.com/index/index/index.html
[运行时间：0.031837s] [吞吐率：31.41req/s] [内存消耗：291.20kb] [文件加载：41]
[ info ] [ LANG ] D:\wamp64\www\xiaomi\git\state\thinkphp\lang\zh-cn.php
[ info ] [ ROUTE ] array (
  'type' => 'module',
  'module' => 
  array (
    0 => 'index',
    1 => 'index',
    2 => 'index',
  ),
)
[ info ] [ HEADER ] array (
  'host' => 'www.xiaomi.com',
  'connection' => 'keep-alive',
  'upgrade-insecure-requests' => '1',
  'user-agent' => 'Mozilla/5.0 (Windows NT 10.0; WOW64) AppleWebKit/537.36 (KHTML, like Gecko) Chrome/84.0.4147.89 Safari/537.36',
  'accept' => 'text/html,application/xhtml+xml,application/xml;q=0.9,image/webp,image/apng,*/*;q=0.8,application/signed-exchange;v=b3;q=0.9',
  'accept-encoding' => 'gzip, deflate',
  'accept-language' => 'zh-CN,zh;q=0.9',
  'cookie' => 'PHPSESSID=oki703qji11mkbppomeueotf74; uLocale=zh_CN; cUserId=LqNN9yWgb9JFrZ5WQMZFYMTpZxI',
)
[ info ] [ PARAM ] array (
  '/index/index/index_html' => '',
)
[ info ] [ RUN ] app\index\controller\Index->index[ D:\wamp64\www\xiaomi\git\state\application\index\controller\Index.php ]
[ info ] [ SESSION ] INIT array (
  'id' => '',
  'var_session_id' => '',
  'prefix' => 'think',
  'type' => '',
  'auto_start' => true,
)
[ info ] [ VIEW ] D:\wamp64\www\xiaomi\git\state\public/../application/index\view\index\index.html [ array (
  0 => 'yilog',
) ]
[ info ] [ LOG ] INIT File
